mode: atomic
github.com/veilence/veilence-mx/backend/cmd/migrate/main.go:23.13,28.22 3 0
github.com/veilence/veilence-mx/backend/cmd/migrate/main.go:28.22,31.3 2 0
github.com/veilence/veilence-mx/backend/cmd/migrate/main.go:33.2,34.15 2 0
github.com/veilence/veilence-mx/backend/cmd/migrate/main.go:34.15,37.3 2 0
github.com/veilence/veilence-mx/backend/cmd/migrate/main.go:39.2,40.16 2 0
github.com/veilence/veilence-mx/backend/cmd/migrate/main.go:40.16,43.3 2 0
github.com/veilence/veilence-mx/backend/cmd/migrate/main.go:44.2,46.34 2 0
github.com/veilence/veilence-mx/backend/cmd/migrate/main.go:46.34,49.3 2 0
github.com/veilence/veilence-mx/backend/cmd/migrate/main.go:51.2,51.20 1 0
github.com/veilence/veilence-mx/backend/cmd/migrate/main.go:52.12,53.52 1 0
github.com/veilence/veilence-mx/backend/cmd/migrate/main.go:53.52,56.4 2 0
github.com/veilence/veilence-mx/backend/cmd/migrate/main.go:57.3,57.49 1 0
github.com/veilence/veilence-mx/backend/cmd/migrate/main.go:59.14,60.50 1 0
github.com/veilence/veilence-mx/backend/cmd/migrate/main.go:60.50,63.4 2 0
github.com/veilence/veilence-mx/backend/cmd/migrate/main.go:64.3,64.44 1 0
github.com/veilence/veilence-mx/backend/cmd/migrate/main.go:66.18,67.57 1 0
github.com/veilence/veilence-mx/backend/cmd/migrate/main.go:67.57,70.4 2 0
github.com/veilence/veilence-mx/backend/cmd/migrate/main.go:71.3,71.48 1 0
github.com/veilence/veilence-mx/backend/cmd/migrate/main.go:73.17,75.17 2 0
github.com/veilence/veilence-mx/backend/cmd/migrate/main.go:75.17,78.4 2 0
github.com/veilence/veilence-mx/backend/cmd/migrate/main.go:79.3,79.57 1 0
github.com/veilence/veilence-mx/backend/cmd/migrate/main.go:81.10,83.13 2 0
github.com/veilence/veilence-mx/backend/cmd/server/main.go:34.13,40.17 4 0
github.com/veilence/veilence-mx/backend/cmd/server/main.go:40.17,43.3 2 0
github.com/veilence/veilence-mx/backend/cmd/server/main.go:44.2,49.87 6 0
github.com/veilence/veilence-mx/backend/cmd/server/main.go:49.87,50.30 1 0
github.com/veilence/veilence-mx/backend/cmd/server/main.go:50.30,53.4 2 0
github.com/veilence/veilence-mx/backend/cmd/server/main.go:53.9,56.4 2 0
github.com/veilence/veilence-mx/backend/cmd/server/main.go:58.2,68.16 10 0
github.com/veilence/veilence-mx/backend/cmd/server/main.go:68.16,71.3 2 0
github.com/veilence/veilence-mx/backend/cmd/server/main.go:72.2,85.39 3 0
github.com/veilence/veilence-mx/backend/cmd/server/main.go:85.39,87.3 1 0
github.com/veilence/veilence-mx/backend/cmd/server/main.go:90.2,95.16 2 0
github.com/veilence/veilence-mx/backend/cmd/server/main.go:95.16,98.3 2 0
github.com/veilence/veilence-mx/backend/cmd/server/main.go:99.2,106.76 5 0
github.com/veilence/veilence-mx/backend/cmd/server/main.go:106.76,108.17 2 0
github.com/veilence/veilence-mx/backend/cmd/server/main.go:108.17,110.4 1 0
github.com/veilence/veilence-mx/backend/cmd/server/main.go:110.9,110.27 1 0
github.com/veilence/veilence-mx/backend/cmd/server/main.go:110.27,112.4 1 0
github.com/veilence/veilence-mx/backend/cmd/server/main.go:114.2,162.59 22 0
github.com/veilence/veilence-mx/backend/cmd/server/main.go:162.59,163.46 1 0
github.com/veilence/veilence-mx/backend/cmd/server/main.go:163.46,164.54 1 0
github.com/veilence/veilence-mx/backend/cmd/server/main.go:164.54,166.5 1 0
github.com/veilence/veilence-mx/backend/cmd/server/main.go:168.3,168.91 1 0
github.com/veilence/veilence-mx/backend/cmd/server/main.go:170.2,184.31 8 0
github.com/veilence/veilence-mx/backend/cmd/server/main.go:184.31,186.3 1 0
github.com/veilence/veilence-mx/backend/cmd/server/main.go:186.8,188.3 1 0
github.com/veilence/veilence-mx/backend/cmd/server/main.go:189.2,213.12 6 0
github.com/veilence/veilence-mx/backend/cmd/server/main.go:213.12,224.54 8 0
github.com/veilence/veilence-mx/backend/cmd/server/main.go:224.54,226.4 1 0
github.com/veilence/veilence-mx/backend/cmd/server/main.go:229.2,230.89 2 0
github.com/veilence/veilence-mx/backend/cmd/server/main.go:230.89,233.3 2 0
github.com/veilence/veilence-mx/backend/cmd/server/main.go:235.2,235.29 1 0
github.com/veilence/veilence-mx/backend/cmd/server/main.go:238.84,242.35 3 0
github.com/veilence/veilence-mx/backend/cmd/server/main.go:242.35,243.48 1 0
github.com/veilence/veilence-mx/backend/cmd/server/main.go:243.48,246.78 2 0
github.com/veilence/veilence-mx/backend/cmd/server/main.go:246.78,248.5 1 0
github.com/veilence/veilence-mx/backend/cmd/server/main.go:248.10,250.5 1 0
github.com/veilence/veilence-mx/backend/cmd/server/main.go:251.9,251.57 1 0
github.com/veilence/veilence-mx/backend/cmd/server/main.go:251.57,255.31 3 0
github.com/veilence/veilence-mx/backend/cmd/server/main.go:255.31,259.27 3 0
github.com/veilence/veilence-mx/backend/cmd/server/main.go:259.27,260.84 1 0
github.com/veilence/veilence-mx/backend/cmd/server/main.go:260.84,262.7 1 0
github.com/veilence/veilence-mx/backend/cmd/server/main.go:262.12,264.7 1 0
github.com/veilence/veilence-mx/backend/cmd/server/main.go:265.11,269.6 2 0
github.com/veilence/veilence-mx/backend/cmd/server/main.go:270.10,273.79 2 0
github.com/veilence/veilence-mx/backend/cmd/server/main.go:273.79,275.6 1 0
github.com/veilence/veilence-mx/backend/cmd/server/main.go:275.11,277.6 1 0
github.com/veilence/veilence-mx/backend/cmd/server/main.go:282.2,282.27 1 0
github.com/veilence/veilence-mx/backend/cmd/server/main.go:282.27,284.3 1 0
github.com/veilence/veilence-mx/backend/cmd/server/main.go:287.42,288.34 1 0
github.com/veilence/veilence-mx/backend/cmd/server/main.go:288.34,290.3 1 0
github.com/veilence/veilence-mx/backend/cmd/server/main.go:291.2,291.17 1 0
github.com/veilence/veilence-mx/backend/cmd/server/main.go:294.68,296.16 2 0
github.com/veilence/veilence-mx/backend/cmd/server/main.go:296.16,298.3 1 0
github.com/veilence/veilence-mx/backend/cmd/server/main.go:299.2,299.10 1 0
github.com/veilence/veilence-mx/backend/cmd/server/main.go:302.43,304.16 2 0
github.com/veilence/veilence-mx/backend/cmd/server/main.go:304.16,306.3 1 0
github.com/veilence/veilence-mx/backend/cmd/server/main.go:307.2,307.10 1 0
github.com/veilence/veilence-mx/backend/internal/api/router.go:16.123,46.37 15 0
github.com/veilence/veilence-mx/backend/internal/api/router.go:46.37,53.39 4 0
github.com/veilence/veilence-mx/backend/internal/api/router.go:53.39,61.4 7 0
github.com/veilence/veilence-mx/backend/internal/api/router.go:65.3,68.30 2 0
github.com/veilence/veilence-mx/backend/internal/api/router.go:68.30,75.49 5 0
github.com/veilence/veilence-mx/backend/internal/api/router.go:75.49,79.5 3 0
github.com/veilence/veilence-mx/backend/internal/api/router.go:82.4,82.49 1 0
github.com/veilence/veilence-mx/backend/internal/api/router.go:82.49,85.5 2 0
github.com/veilence/veilence-mx/backend/internal/api/router.go:88.4,97.31 6 0
github.com/veilence/veilence-mx/backend/internal/api/router.go:97.31,106.45 5 0
github.com/veilence/veilence-mx/backend/internal/api/router.go:106.45,109.42 3 0
github.com/veilence/veilence-mx/backend/internal/api/router.go:109.42,113.7 3 0
github.com/veilence/veilence-mx/backend/internal/api/router.go:117.5,117.45 1 0
github.com/veilence/veilence-mx/backend/internal/api/router.go:117.45,119.6 1 0
github.com/veilence/veilence-mx/backend/internal/api/router.go:122.5,122.43 1 0
github.com/veilence/veilence-mx/backend/internal/api/router.go:122.43,125.6 2 0
github.com/veilence/veilence-mx/backend/internal/api/router.go:128.5,132.32 3 0
github.com/veilence/veilence-mx/backend/internal/api/router.go:132.32,136.6 3 0
github.com/veilence/veilence-mx/backend/internal/api/router.go:139.5,141.55 3 0
github.com/veilence/veilence-mx/backend/internal/api/router.go:145.4,145.40 1 0
github.com/veilence/veilence-mx/backend/internal/api/router.go:145.40,153.44 4 0
github.com/veilence/veilence-mx/backend/internal/api/router.go:153.44,175.59 13 0
github.com/veilence/veilence-mx/backend/internal/api/router.go:175.59,180.7 4 0
github.com/veilence/veilence-mx/backend/internal/api/router.go:183.6,183.56 1 0
github.com/veilence/veilence-mx/backend/internal/api/router.go:183.56,187.7 3 0
github.com/veilence/veilence-mx/backend/internal/api/router.go:193.2,193.10 1 0
github.com/veilence/veilence-mx/backend/internal/apperror/apperror.go:24.32,25.20 1 0
github.com/veilence/veilence-mx/backend/internal/apperror/apperror.go:25.20,27.3 1 0
github.com/veilence/veilence-mx/backend/internal/apperror/apperror.go:28.2,28.18 1 0
github.com/veilence/veilence-mx/backend/internal/apperror/apperror.go:32.32,34.2 1 0
github.com/veilence/veilence-mx/backend/internal/apperror/apperror.go:37.45,44.2 1 0
github.com/veilence/veilence-mx/backend/internal/apperror/apperror.go:49.39,55.2 1 0
github.com/veilence/veilence-mx/backend/internal/apperror/apperror.go:58.38,64.2 1 0
github.com/veilence/veilence-mx/backend/internal/apperror/apperror.go:67.35,73.2 1 0
github.com/veilence/veilence-mx/backend/internal/apperror/apperror.go:76.36,82.2 1 0
github.com/veilence/veilence-mx/backend/internal/apperror/apperror.go:85.34,91.2 1 0
github.com/veilence/veilence-mx/backend/internal/apperror/apperror.go:94.34,100.2 1 0
github.com/veilence/veilence-mx/backend/internal/apperror/apperror.go:103.36,109.2 1 0
github.com/veilence/veilence-mx/backend/internal/api/validation/validation.go:28.40,30.17 2 11
github.com/veilence/veilence-mx/backend/internal/api/validation/validation.go:30.17,32.3 1 2
github.com/veilence/veilence-mx/backend/internal/api/validation/validation.go:33.2,33.36 1 9
github.com/veilence/veilence-mx/backend/internal/api/validation/validation.go:33.36,35.3 1 5
github.com/veilence/veilence-mx/backend/internal/api/validation/validation.go:36.2,36.12 1 4
github.com/veilence/veilence-mx/backend/internal/api/validation/validation.go:47.46,48.20 1 12
github.com/veilence/veilence-mx/backend/internal/api/validation/validation.go:48.20,50.3 1 1
github.com/veilence/veilence-mx/backend/internal/api/validation/validation.go:51.2,51.23 1 11
github.com/veilence/veilence-mx/backend/internal/api/validation/validation.go:51.23,53.3 1 1
github.com/veilence/veilence-mx/backend/internal/api/validation/validation.go:54.2,54.39 1 10
github.com/veilence/veilence-mx/backend/internal/api/validation/validation.go:54.39,56.3 1 1
github.com/veilence/veilence-mx/backend/internal/api/validation/validation.go:58.2,59.30 2 9
github.com/veilence/veilence-mx/backend/internal/api/validation/validation.go:59.30,60.10 1 159
github.com/veilence/veilence-mx/backend/internal/api/validation/validation.go:61.28,62.19 1 22
github.com/veilence/veilence-mx/backend/internal/api/validation/validation.go:63.28,64.19 1 125
github.com/veilence/veilence-mx/backend/internal/api/validation/validation.go:65.28,66.19 1 8
github.com/veilence/veilence-mx/backend/internal/api/validation/validation.go:70.2,70.15 1 9
github.com/veilence/veilence-mx/backend/internal/api/validation/validation.go:70.15,72.3 1 1
github.com/veilence/veilence-mx/backend/internal/api/validation/validation.go:73.2,73.15 1 8
github.com/veilence/veilence-mx/backend/internal/api/validation/validation.go:73.15,75.3 1 1
github.com/veilence/veilence-mx/backend/internal/api/validation/validation.go:76.2,76.15 1 7
github.com/veilence/veilence-mx/backend/internal/api/validation/validation.go:76.15,78.3 1 1
github.com/veilence/veilence-mx/backend/internal/api/validation/validation.go:80.2,80.12 1 6
github.com/veilence/veilence-mx/backend/internal/api/validation/validation.go:86.38,87.16 1 13
github.com/veilence/veilence-mx/backend/internal/api/validation/validation.go:87.16,89.3 1 1
github.com/veilence/veilence-mx/backend/internal/api/validation/validation.go:90.2,90.19 1 12
github.com/veilence/veilence-mx/backend/internal/api/validation/validation.go:90.19,92.3 1 1
github.com/veilence/veilence-mx/backend/internal/api/validation/validation.go:93.2,93.21 1 11
github.com/veilence/veilence-mx/backend/internal/api/validation/validation.go:93.21,95.3 1 1
github.com/veilence/veilence-mx/backend/internal/api/validation/validation.go:96.2,96.34 1 10
github.com/veilence/veilence-mx/backend/internal/api/validation/validation.go:96.34,98.3 1 5
github.com/veilence/veilence-mx/backend/internal/api/validation/validation.go:99.2,99.12 1 5
github.com/veilence/veilence-mx/backend/internal/api/validation/validation.go:105.49,106.36 1 3
github.com/veilence/veilence-mx/backend/internal/api/validation/validation.go:106.36,108.3 1 2
github.com/veilence/veilence-mx/backend/internal/api/validation/validation.go:109.2,109.12 1 1
github.com/veilence/veilence-mx/backend/internal/api/validation/validation.go:114.59,115.22 1 4
github.com/veilence/veilence-mx/backend/internal/api/validation/validation.go:115.22,117.3 1 1
github.com/veilence/veilence-mx/backend/internal/api/validation/validation.go:118.2,118.12 1 3
github.com/veilence/veilence-mx/backend/internal/api/validation/validation.go:123.64,124.28 1 0
github.com/veilence/veilence-mx/backend/internal/api/validation/validation.go:124.28,125.17 1 0
github.com/veilence/veilence-mx/backend/internal/api/validation/validation.go:125.17,127.4 1 0
github.com/veilence/veilence-mx/backend/internal/api/validation/validation.go:129.2,129.79 1 0
github.com/veilence/veilence-mx/backend/internal/api/validation/validation.go:134.58,135.16 1 0
github.com/veilence/veilence-mx/backend/internal/api/validation/validation.go:135.16,137.3 1 0
github.com/veilence/veilence-mx/backend/internal/api/validation/validation.go:138.2,138.12 1 0
github.com/veilence/veilence-mx/backend/internal/api/middleware/bodysize.go:13.68,14.46 1 1
github.com/veilence/veilence-mx/backend/internal/api/middleware/bodysize.go:14.46,15.72 1 1
github.com/veilence/veilence-mx/backend/internal/api/middleware/bodysize.go:15.72,16.21 1 1
github.com/veilence/veilence-mx/backend/internal/api/middleware/bodysize.go:16.21,18.5 1 1
github.com/veilence/veilence-mx/backend/internal/api/middleware/bodysize.go:19.4,19.24 1 1
github.com/veilence/veilence-mx/backend/internal/api/middleware/cors.go:10.63,19.2 1 0
github.com/veilence/veilence-mx/backend/internal/api/middleware/csrf.go:42.42,44.40 2 11
github.com/veilence/veilence-mx/backend/internal/api/middleware/csrf.go:44.40,46.3 1 0
github.com/veilence/veilence-mx/backend/internal/api/middleware/csrf.go:47.2,47.50 1 11
github.com/veilence/veilence-mx/backend/internal/api/middleware/csrf.go:58.62,59.46 1 11
github.com/veilence/veilence-mx/backend/internal/api/middleware/csrf.go:59.46,60.72 1 11
github.com/veilence/veilence-mx/backend/internal/api/middleware/csrf.go:60.72,62.30 1 20
github.com/veilence/veilence-mx/backend/internal/api/middleware/csrf.go:62.30,66.5 3 6
github.com/veilence/veilence-mx/backend/internal/api/middleware/csrf.go:69.4,69.72 1 14
github.com/veilence/veilence-mx/backend/internal/api/middleware/csrf.go:69.72,72.5 2 0
github.com/veilence/veilence-mx/backend/internal/api/middleware/csrf.go:75.4,76.40 2 14
github.com/veilence/veilence-mx/backend/internal/api/middleware/csrf.go:76.40,79.5 2 6
github.com/veilence/veilence-mx/backend/internal/api/middleware/csrf.go:81.4,82.25 2 8
github.com/veilence/veilence-mx/backend/internal/api/middleware/csrf.go:82.25,85.5 2 1
github.com/veilence/veilence-mx/backend/internal/api/middleware/csrf.go:88.4,88.82 1 7
github.com/veilence/veilence-mx/backend/internal/api/middleware/csrf.go:88.82,91.5 2 1
github.com/veilence/veilence-mx/backend/internal/api/middleware/csrf.go:94.4,96.24 2 6
github.com/veilence/veilence-mx/backend/internal/api/middleware/csrf.go:102.39,103.33 1 20
github.com/veilence/veilence-mx/backend/internal/api/middleware/csrf.go:104.77,105.14 1 6
github.com/veilence/veilence-mx/backend/internal/api/middleware/csrf.go:106.10,107.15 1 14
github.com/veilence/veilence-mx/backend/internal/api/middleware/csrf.go:112.82,113.52 1 6
github.com/veilence/veilence-mx/backend/internal/api/middleware/csrf.go:113.52,115.3 1 1
github.com/veilence/veilence-mx/backend/internal/api/middleware/csrf.go:116.2,116.26 1 5
github.com/veilence/veilence-mx/backend/internal/api/middleware/csrf.go:120.65,122.2 1 6
github.com/veilence/veilence-mx/backend/internal/api/middleware/csrf.go:125.62,127.16 2 11
github.com/veilence/veilence-mx/backend/internal/api/middleware/csrf.go:127.16,130.3 2 0
github.com/veilence/veilence-mx/backend/internal/api/middleware/csrf.go:132.2,142.4 1 11
github.com/veilence/veilence-mx/backend/internal/api/middleware/csrf.go:146.58,150.2 3 8
github.com/veilence/veilence-mx/backend/internal/api/middleware/logging.go:10.45,11.71 1 0
github.com/veilence/veilence-mx/backend/internal/api/middleware/logging.go:11.71,22.3 4 0
github.com/veilence/veilence-mx/backend/internal/api/middleware/logging.go:30.49,33.2 2 0
github.com/veilence/veilence-mx/backend/internal/api/middleware/metrics.go:19.51,22.2 2 0
github.com/veilence/veilence-mx/backend/internal/api/middleware/metrics.go:25.46,26.71 1 0
github.com/veilence/veilence-mx/backend/internal/api/middleware/metrics.go:26.71,37.25 6 0
github.com/veilence/veilence-mx/backend/internal/api/middleware/metrics.go:37.25,39.4 1 0
github.com/veilence/veilence-mx/backend/internal/api/middleware/metrics.go:41.3,44.88 3 0
github.com/veilence/veilence-mx/backend/internal/api/middleware/ratelimit.go:38.57,49.2 3 16
github.com/veilence/veilence-mx/backend/internal/api/middleware/ratelimit.go:52.34,56.21 3 16
github.com/veilence/veilence-mx/backend/internal/api/middleware/ratelimit.go:56.21,57.46 1 0
github.com/veilence/veilence-mx/backend/internal/api/middleware/ratelimit.go:57.46,62.29 5 0
github.com/veilence/veilence-mx/backend/internal/api/middleware/ratelimit.go:62.29,64.5 1 0
github.com/veilence/veilence-mx/backend/internal/api/middleware/ratelimit.go:65.4,65.15 1 0
github.com/veilence/veilence-mx/backend/internal/api/middleware/ratelimit.go:76.116,92.28 9 37
github.com/veilence/veilence-mx/backend/internal/api/middleware/ratelimit.go:92.28,94.3 1 12
github.com/veilence/veilence-mx/backend/internal/api/middleware/ratelimit.go:97.2,101.21 4 37
github.com/veilence/veilence-mx/backend/internal/api/middleware/ratelimit.go:101.21,104.3 2 32
github.com/veilence/veilence-mx/backend/internal/api/middleware/ratelimit.go:107.2,110.38 3 5
github.com/veilence/veilence-mx/backend/internal/api/middleware/ratelimit.go:124.62,125.71 1 11
github.com/veilence/veilence-mx/backend/internal/api/middleware/ratelimit.go:125.71,134.15 6 37
github.com/veilence/veilence-mx/backend/internal/api/middleware/ratelimit.go:134.15,142.4 7 5
github.com/veilence/veilence-mx/backend/internal/api/middleware/ratelimit.go:144.3,144.23 1 32
github.com/veilence/veilence-mx/backend/internal/api/middleware/ratelimit.go:150.48,151.64 1 37
github.com/veilence/veilence-mx/backend/internal/api/middleware/ratelimit.go:151.64,153.3 1 0
github.com/veilence/veilence-mx/backend/internal/api/middleware/ratelimit.go:154.2,154.29 1 37
github.com/veilence/veilence-mx/backend/internal/api/middleware/ratelimit.go:160.40,163.50 2 37
github.com/veilence/veilence-mx/backend/internal/api/middleware/ratelimit.go:163.50,165.32 1 37
github.com/veilence/veilence-mx/backend/internal/api/middleware/ratelimit.go:165.32,167.66 1 0
github.com/veilence/veilence-mx/backend/internal/api/middleware/ratelimit.go:167.66,169.5 1 0
github.com/veilence/veilence-mx/backend/internal/api/middleware/ratelimit.go:170.9,172.4 1 37
github.com/veilence/veilence-mx/backend/internal/api/middleware/ratelimit.go:174.2,174.11 1 37
github.com/veilence/veilence-mx/backend/internal/api/middleware/ratelimit.go:203.77,204.19 1 3
github.com/veilence/veilence-mx/backend/internal/api/middleware/ratelimit.go:204.19,206.3 1 1
github.com/veilence/veilence-mx/backend/internal/api/middleware/ratelimit.go:207.2,210.36 2 3
github.com/veilence/veilence-mx/backend/internal/api/middleware/ratelimit.go:210.36,212.3 1 9
github.com/veilence/veilence-mx/backend/internal/api/middleware/ratelimit.go:213.2,213.14 1 3
github.com/veilence/veilence-mx/backend/internal/api/middleware/ratelimit.go:218.99,220.9 2 4
github.com/veilence/veilence-mx/backend/internal/api/middleware/ratelimit.go:220.9,222.3 1 0
github.com/veilence/veilence-mx/backend/internal/api/middleware/ratelimit.go:223.2,223.17 1 4
github.com/veilence/veilence-mx/backend/internal/api/middleware/sanitize.go:46.47,47.71 1 12
github.com/veilence/veilence-mx/backend/internal/api/middleware/sanitize.go:47.71,49.42 1 23
github.com/veilence/veilence-mx/backend/internal/api/middleware/sanitize.go:49.42,50.29 1 14
github.com/veilence/veilence-mx/backend/internal/api/middleware/sanitize.go:50.29,51.33 1 14
github.com/veilence/veilence-mx/backend/internal/api/middleware/sanitize.go:51.33,54.6 2 5
github.com/veilence/veilence-mx/backend/internal/api/middleware/sanitize.go:55.5,55.43 1 9
github.com/veilence/veilence-mx/backend/internal/api/middleware/sanitize.go:55.43,62.6 3 5
github.com/veilence/veilence-mx/backend/internal/api/middleware/sanitize.go:67.3,67.80 1 13
github.com/veilence/veilence-mx/backend/internal/api/middleware/sanitize.go:67.80,70.4 2 1
github.com/veilence/veilence-mx/backend/internal/api/middleware/sanitize.go:73.3,73.64 1 12
github.com/veilence/veilence-mx/backend/internal/api/middleware/sanitize.go:73.64,76.18 3 5
github.com/veilence/veilence-mx/backend/internal/api/middleware/sanitize.go:76.18,79.5 2 0
github.com/veilence/veilence-mx/backend/internal/api/middleware/sanitize.go:82.4,83.38 2 5
github.com/veilence/veilence-mx/backend/internal/api/middleware/sanitize.go:83.38,86.5 2 1
github.com/veilence/veilence-mx/backend/internal/api/middleware/sanitize.go:89.4,89.48 1 4
github.com/veilence/veilence-mx/backend/internal/api/middleware/sanitize.go:89.48,96.5 3 1
github.com/veilence/veilence-mx/backend/internal/api/middleware/sanitize.go:99.4,100.18 2 3
github.com/veilence/veilence-mx/backend/internal/api/middleware/sanitize.go:100.18,105.5 3 0
github.com/veilence/veilence-mx/backend/internal/api/middleware/sanitize.go:107.4,108.43 2 3
github.com/veilence/veilence-mx/backend/internal/api/middleware/sanitize.go:111.3,111.23 1 10
github.com/veilence/veilence-mx/backend/internal/api/middleware/sanitize.go:116.43,118.48 2 44
github.com/veilence/veilence-mx/backend/internal/api/middleware/sanitize.go:118.48,119.39 1 318
github.com/veilence/veilence-mx/backend/internal/api/middleware/sanitize.go:119.39,121.4 1 7
github.com/veilence/veilence-mx/backend/internal/api/middleware/sanitize.go:123.2,123.14 1 37
github.com/veilence/veilence-mx/backend/internal/api/middleware/sanitize.go:127.42,130.2 2 6
github.com/veilence/veilence-mx/backend/internal/api/middleware/sanitize.go:133.48,135.54 2 3
github.com/veilence/veilence-mx/backend/internal/api/middleware/sanitize.go:135.54,137.3 1 0
github.com/veilence/veilence-mx/backend/internal/api/middleware/sanitize.go:139.2,140.32 2 3
github.com/veilence/veilence-mx/backend/internal/api/middleware/sanitize.go:144.31,145.25 1 11
github.com/veilence/veilence-mx/backend/internal/api/middleware/sanitize.go:146.14,147.32 1 6
github.com/veilence/veilence-mx/backend/internal/api/middleware/sanitize.go:148.22,150.25 2 4
github.com/veilence/veilence-mx/backend/internal/api/middleware/sanitize.go:150.25,152.4 1 6
github.com/veilence/veilence-mx/backend/internal/api/middleware/sanitize.go:153.3,153.16 1 4
github.com/veilence/veilence-mx/backend/internal/api/middleware/sanitize.go:154.13,156.25 2 1
github.com/veilence/veilence-mx/backend/internal/api/middleware/sanitize.go:156.25,158.4 1 2
github.com/veilence/veilence-mx/backend/internal/api/middleware/sanitize.go:159.3,159.16 1 1
github.com/veilence/veilence-mx/backend/internal/api/middleware/sanitize.go:160.10,161.13 1 0
github.com/veilence/veilence-mx/backend/internal/api/middleware/sanitize.go:166.62,170.2 3 13
github.com/veilence/veilence-mx/backend/internal/api/middleware/security.go:19.54,21.2 1 2
github.com/veilence/veilence-mx/backend/internal/api/middleware/security.go:26.94,29.30 2 7
github.com/veilence/veilence-mx/backend/internal/api/middleware/security.go:29.30,32.3 1 2
github.com/veilence/veilence-mx/backend/internal/api/middleware/security.go:34.2,34.46 1 7
github.com/veilence/veilence-mx/backend/internal/api/middleware/security.go:34.46,35.72 1 7
github.com/veilence/veilence-mx/backend/internal/api/middleware/security.go:35.72,45.4 8 7
github.com/veilence/veilence-mx/backend/internal/api/handlers/alerts.go:24.76,42.20 7 8
github.com/veilence/veilence-mx/backend/internal/api/handlers/alerts.go:42.20,44.3 1 1
github.com/veilence/veilence-mx/backend/internal/api/handlers/alerts.go:45.2,45.18 1 8
github.com/veilence/veilence-mx/backend/internal/api/handlers/alerts.go:45.18,47.3 1 2
github.com/veilence/veilence-mx/backend/internal/api/handlers/alerts.go:49.2,60.27 6 8
github.com/veilence/veilence-mx/backend/internal/api/handlers/alerts.go:60.27,66.3 1 7
github.com/veilence/veilence-mx/backend/internal/api/handlers/alerts.go:68.2,68.86 1 8
github.com/veilence/veilence-mx/backend/internal/api/handlers/alerts.go:77.77,81.16 3 8
github.com/veilence/veilence-mx/backend/internal/api/handlers/alerts.go:81.16,84.3 2 1
github.com/veilence/veilence-mx/backend/internal/api/handlers/alerts.go:86.2,87.61 2 7
github.com/veilence/veilence-mx/backend/internal/api/handlers/alerts.go:87.61,90.3 2 1
github.com/veilence/veilence-mx/backend/internal/api/handlers/alerts.go:92.2,97.32 2 6
github.com/veilence/veilence-mx/backend/internal/api/handlers/alerts.go:97.32,100.3 2 1
github.com/veilence/veilence-mx/backend/internal/api/handlers/alerts.go:102.2,103.91 2 5
github.com/veilence/veilence-mx/backend/internal/api/handlers/alerts.go:103.91,106.3 2 2
github.com/veilence/veilence-mx/backend/internal/api/handlers/alerts.go:108.2,112.43 3 3
github.com/veilence/veilence-mx/backend/internal/api/handlers/analyses.go:13.87,17.16 3 2
github.com/veilence/veilence-mx/backend/internal/api/handlers/analyses.go:17.16,21.3 3 0
github.com/veilence/veilence-mx/backend/internal/api/handlers/analyses.go:23.2,23.43 1 2
github.com/veilence/veilence-mx/backend/internal/api/handlers/analyses.go:37.87,58.22 9 1
github.com/veilence/veilence-mx/backend/internal/api/handlers/analyses.go:58.22,60.3 1 0
github.com/veilence/veilence-mx/backend/internal/api/handlers/analyses.go:61.2,61.26 1 1
github.com/veilence/veilence-mx/backend/internal/api/handlers/analyses.go:61.26,63.3 1 0
github.com/veilence/veilence-mx/backend/internal/api/handlers/analyses.go:64.2,64.24 1 1
github.com/veilence/veilence-mx/backend/internal/api/handlers/analyses.go:64.24,66.3 1 0
github.com/veilence/veilence-mx/backend/internal/api/handlers/analyses.go:67.2,67.18 1 1
github.com/veilence/veilence-mx/backend/internal/api/handlers/analyses.go:67.18,69.3 1 0
github.com/veilence/veilence-mx/backend/internal/api/handlers/analyses.go:71.2,82.31 6 1
github.com/veilence/veilence-mx/backend/internal/api/handlers/analyses.go:82.31,91.91 3 2
github.com/veilence/veilence-mx/backend/internal/api/handlers/analyses.go:91.91,93.94 2 0
github.com/veilence/veilence-mx/backend/internal/api/handlers/analyses.go:93.94,95.5 1 0
github.com/veilence/veilence-mx/backend/internal/api/handlers/analyses.go:96.9,96.57 1 2
github.com/veilence/veilence-mx/backend/internal/api/handlers/analyses.go:96.57,99.4 1 1
github.com/veilence/veilence-mx/backend/internal/api/handlers/analyses.go:102.3,103.78 2 2
github.com/veilence/veilence-mx/backend/internal/api/handlers/analyses.go:103.78,104.12 1 0
github.com/veilence/veilence-mx/backend/internal/api/handlers/analyses.go:107.3,107.30 1 2
github.com/veilence/veilence-mx/backend/internal/api/handlers/analyses.go:110.2,110.86 1 1
github.com/veilence/veilence-mx/backend/internal/api/handlers/analyses.go:116.82,119.20 2 3
github.com/veilence/veilence-mx/backend/internal/api/handlers/analyses.go:119.20,122.3 2 3
github.com/veilence/veilence-mx/backend/internal/api/handlers/analyses.go:125.2,126.16 2 0
github.com/veilence/veilence-mx/backend/internal/api/handlers/analyses.go:126.16,130.3 3 0
github.com/veilence/veilence-mx/backend/internal/api/handlers/analyses.go:132.2,133.29 2 0
github.com/veilence/veilence-mx/backend/internal/api/handlers/analyses.go:133.29,134.83 1 0
github.com/veilence/veilence-mx/backend/internal/api/handlers/analyses.go:134.83,138.4 3 0
github.com/veilence/veilence-mx/backend/internal/api/handlers/analyses.go:139.3,139.11 1 0
github.com/veilence/veilence-mx/backend/internal/api/handlers/analyses.go:142.2,145.9 1 0
github.com/veilence/veilence-mx/backend/internal/api/handlers/audit.go:14.79,16.16 2 0
github.com/veilence/veilence-mx/backend/internal/api/handlers/audit.go:16.16,19.3 2 0
github.com/veilence/veilence-mx/backend/internal/api/handlers/audit.go:21.2,28.64 3 0
github.com/veilence/veilence-mx/backend/internal/api/handlers/audit.go:28.64,30.17 2 0
github.com/veilence/veilence-mx/backend/internal/api/handlers/audit.go:30.17,32.4 1 0
github.com/veilence/veilence-mx/backend/internal/api/handlers/audit.go:35.2,35.62 1 0
github.com/veilence/veilence-mx/backend/internal/api/handlers/audit.go:35.62,36.62 1 0
github.com/veilence/veilence-mx/backend/internal/api/handlers/audit.go:36.62,38.4 1 0
github.com/veilence/veilence-mx/backend/internal/api/handlers/audit.go:41.2,41.56 1 0
github.com/veilence/veilence-mx/backend/internal/api/handlers/audit.go:41.56,42.60 1 0
github.com/veilence/veilence-mx/backend/internal/api/handlers/audit.go:42.60,44.4 1 0
github.com/veilence/veilence-mx/backend/internal/api/handlers/audit.go:47.2,48.16 2 0
github.com/veilence/veilence-mx/backend/internal/api/handlers/audit.go:48.16,51.3 2 0
github.com/veilence/veilence-mx/backend/internal/api/handlers/audit.go:53.2,53.84 1 0
github.com/veilence/veilence-mx/backend/internal/api/handlers/auth.go:52.73,54.61 2 0
github.com/veilence/veilence-mx/backend/internal/api/handlers/auth.go:54.61,57.3 2 0
github.com/veilence/veilence-mx/backend/internal/api/handlers/auth.go:60.2,64.60 4 0
github.com/veilence/veilence-mx/backend/internal/api/handlers/auth.go:64.60,67.3 2 0
github.com/veilence/veilence-mx/backend/internal/api/handlers/auth.go:69.2,69.66 1 0
github.com/veilence/veilence-mx/backend/internal/api/handlers/auth.go:69.66,72.3 2 0
github.com/veilence/veilence-mx/backend/internal/api/handlers/auth.go:74.2,75.16 2 0
github.com/veilence/veilence-mx/backend/internal/api/handlers/auth.go:75.16,76.53 1 0
github.com/veilence/veilence-mx/backend/internal/api/handlers/auth.go:76.53,79.4 2 0
github.com/veilence/veilence-mx/backend/internal/api/handlers/auth.go:80.3,81.9 2 0
github.com/veilence/veilence-mx/backend/internal/api/handlers/auth.go:85.2,86.16 2 0
github.com/veilence/veilence-mx/backend/internal/api/handlers/auth.go:86.16,89.3 2 0
github.com/veilence/veilence-mx/backend/internal/api/handlers/auth.go:91.2,97.9 2 0
github.com/veilence/veilence-mx/backend/internal/api/handlers/auth.go:101.70,103.61 2 0
github.com/veilence/veilence-mx/backend/internal/api/handlers/auth.go:103.61,106.3 2 0
github.com/veilence/veilence-mx/backend/internal/api/handlers/auth.go:108.2,110.43 2 0
github.com/veilence/veilence-mx/backend/internal/api/handlers/auth.go:110.43,113.3 2 0
github.com/veilence/veilence-mx/backend/internal/api/handlers/auth.go:115.2,116.16 2 0
github.com/veilence/veilence-mx/backend/internal/api/handlers/auth.go:116.16,121.3 3 0
github.com/veilence/veilence-mx/backend/internal/api/handlers/auth.go:124.2,130.9 2 0
github.com/veilence/veilence-mx/backend/internal/api/handlers/auth.go:134.77,136.61 2 0
github.com/veilence/veilence-mx/backend/internal/api/handlers/auth.go:136.61,139.3 2 0
github.com/veilence/veilence-mx/backend/internal/api/handlers/auth.go:141.2,141.28 1 0
github.com/veilence/veilence-mx/backend/internal/api/handlers/auth.go:141.28,144.3 2 0
github.com/veilence/veilence-mx/backend/internal/api/handlers/auth.go:146.2,147.16 2 0
github.com/veilence/veilence-mx/backend/internal/api/handlers/auth.go:147.16,150.3 2 0
github.com/veilence/veilence-mx/backend/internal/api/handlers/auth.go:152.2,152.44 1 0
github.com/veilence/veilence-mx/backend/internal/api/handlers/auth.go:156.71,158.61 2 0
github.com/veilence/veilence-mx/backend/internal/api/handlers/auth.go:158.61,161.3 2 0
github.com/veilence/veilence-mx/backend/internal/api/handlers/auth.go:163.2,163.28 1 0
github.com/veilence/veilence-mx/backend/internal/api/handlers/auth.go:163.28,166.3 2 0
github.com/veilence/veilence-mx/backend/internal/api/handlers/auth.go:168.2,168.56 1 0
github.com/veilence/veilence-mx/backend/internal/api/handlers/auth.go:168.56,171.3 2 0
github.com/veilence/veilence-mx/backend/internal/api/handlers/auth.go:174.2,177.93 3 0
github.com/veilence/veilence-mx/backend/internal/api/handlers/auth.go:181.70,183.17 2 0
github.com/veilence/veilence-mx/backend/internal/api/handlers/auth.go:183.17,186.3 2 0
github.com/veilence/veilence-mx/backend/internal/api/handlers/auth.go:188.2,189.16 2 0
github.com/veilence/veilence-mx/backend/internal/api/handlers/auth.go:189.16,192.3 2 0
github.com/veilence/veilence-mx/backend/internal/api/handlers/auth.go:194.2,194.42 1 0
github.com/veilence/veilence-mx/backend/internal/api/handlers/auth.go:198.77,200.17 2 0
github.com/veilence/veilence-mx/backend/internal/api/handlers/auth.go:200.17,203.3 2 0
github.com/veilence/veilence-mx/backend/internal/api/handlers/auth.go:205.2,206.61 2 0
github.com/veilence/veilence-mx/backend/internal/api/handlers/auth.go:206.61,209.3 2 0
github.com/veilence/veilence-mx/backend/internal/api/handlers/auth.go:211.2,212.20 2 0
github.com/veilence/veilence-mx/backend/internal/api/handlers/auth.go:212.20,215.3 2 0
github.com/veilence/veilence-mx/backend/internal/api/handlers/auth.go:216.2,216.25 1 0
github.com/veilence/veilence-mx/backend/internal/api/handlers/auth.go:216.25,219.3 2 0
github.com/veilence/veilence-mx/backend/internal/api/handlers/auth.go:222.2,223.17 2 0
github.com/veilence/veilence-mx/backend/internal/api/handlers/auth.go:223.17,225.3 1 0
github.com/veilence/veilence-mx/backend/internal/api/handlers/auth.go:226.2,226.47 1 0
github.com/veilence/veilence-mx/backend/internal/api/handlers/auth.go:226.47,229.3 2 0
github.com/veilence/veilence-mx/backend/internal/api/handlers/auth.go:231.2,232.25 2 0
github.com/veilence/veilence-mx/backend/internal/api/handlers/auth.go:232.25,234.17 2 0
github.com/veilence/veilence-mx/backend/internal/api/handlers/auth.go:234.17,237.4 2 0
github.com/veilence/veilence-mx/backend/internal/api/handlers/auth.go:238.3,238.27 1 0
github.com/veilence/veilence-mx/backend/internal/api/handlers/auth.go:238.27,241.4 2 0
github.com/veilence/veilence-mx/backend/internal/api/handlers/auth.go:242.3,242.17 1 0
github.com/veilence/veilence-mx/backend/internal/api/handlers/auth.go:245.2,246.16 2 0
github.com/veilence/veilence-mx/backend/internal/api/handlers/auth.go:246.16,249.3 2 0
github.com/veilence/veilence-mx/backend/internal/api/handlers/auth.go:251.2,256.9 2 0
github.com/veilence/veilence-mx/backend/internal/api/handlers/auth.go:260.76,262.17 2 0
github.com/veilence/veilence-mx/backend/internal/api/handlers/auth.go:262.17,265.3 2 0
github.com/veilence/veilence-mx/backend/internal/api/handlers/auth.go:267.2,268.16 2 0
github.com/veilence/veilence-mx/backend/internal/api/handlers/auth.go:268.16,271.3 2 0
github.com/veilence/veilence-mx/backend/internal/api/handlers/auth.go:273.2,273.42 1 0
github.com/veilence/veilence-mx/backend/internal/api/handlers/auth.go:277.77,279.17 2 0
github.com/veilence/veilence-mx/backend/internal/api/handlers/auth.go:279.17,282.3 2 0
github.com/veilence/veilence-mx/backend/internal/api/handlers/auth.go:284.2,285.16 2 0
github.com/veilence/veilence-mx/backend/internal/api/handlers/auth.go:285.16,288.3 2 0
github.com/veilence/veilence-mx/backend/internal/api/handlers/auth.go:290.2,290.62 1 0
github.com/veilence/veilence-mx/backend/internal/api/handlers/auth.go:290.62,291.45 1 0
github.com/veilence/veilence-mx/backend/internal/api/handlers/auth.go:291.45,294.4 2 0
github.com/veilence/veilence-mx/backend/internal/api/handlers/auth.go:295.3,296.9 2 0
github.com/veilence/veilence-mx/backend/internal/api/handlers/auth.go:299.2,301.85 2 0
github.com/veilence/veilence-mx/backend/internal/api/handlers/auth.go:311.79,313.61 2 0
github.com/veilence/veilence-mx/backend/internal/api/handlers/auth.go:313.61,316.3 2 0
github.com/veilence/veilence-mx/backend/internal/api/handlers/auth.go:318.2,319.21 2 0
github.com/veilence/veilence-mx/backend/internal/api/handlers/auth.go:319.21,322.3 2 0
github.com/veilence/veilence-mx/backend/internal/api/handlers/auth.go:326.2,327.16 2 0
github.com/veilence/veilence-mx/backend/internal/api/handlers/auth.go:327.16,333.3 2 0
github.com/veilence/veilence-mx/backend/internal/api/handlers/auth.go:336.2,338.9 1 0
github.com/veilence/veilence-mx/backend/internal/api/handlers/auth.go:348.78,350.61 2 0
github.com/veilence/veilence-mx/backend/internal/api/handlers/auth.go:350.61,353.3 2 0
github.com/veilence/veilence-mx/backend/internal/api/handlers/auth.go:355.2,355.21 1 0
github.com/veilence/veilence-mx/backend/internal/api/handlers/auth.go:355.21,358.3 2 0
github.com/veilence/veilence-mx/backend/internal/api/handlers/auth.go:360.2,360.69 1 0
github.com/veilence/veilence-mx/backend/internal/api/handlers/auth.go:360.69,363.3 2 0
github.com/veilence/veilence-mx/backend/internal/api/handlers/auth.go:365.2,365.73 1 0
github.com/veilence/veilence-mx/backend/internal/api/handlers/auth.go:365.73,366.90 1 0
github.com/veilence/veilence-mx/backend/internal/api/handlers/auth.go:366.90,369.4 2 0
github.com/veilence/veilence-mx/backend/internal/api/handlers/auth.go:370.3,371.9 2 0
github.com/veilence/veilence-mx/backend/internal/api/handlers/auth.go:374.2,376.97 2 0
github.com/veilence/veilence-mx/backend/internal/api/handlers/auth.go:385.76,387.61 2 0
github.com/veilence/veilence-mx/backend/internal/api/handlers/auth.go:387.61,390.3 2 0
github.com/veilence/veilence-mx/backend/internal/api/handlers/auth.go:392.2,392.21 1 0
github.com/veilence/veilence-mx/backend/internal/api/handlers/auth.go:392.21,395.3 2 0
github.com/veilence/veilence-mx/backend/internal/api/handlers/auth.go:397.2,397.54 1 0
github.com/veilence/veilence-mx/backend/internal/api/handlers/auth.go:397.54,398.50 1 0
github.com/veilence/veilence-mx/backend/internal/api/handlers/auth.go:398.50,401.4 2 0
github.com/veilence/veilence-mx/backend/internal/api/handlers/auth.go:402.3,403.9 2 0
github.com/veilence/veilence-mx/backend/internal/api/handlers/auth.go:406.2,406.97 1 0
github.com/veilence/veilence-mx/backend/internal/api/handlers/auth.go:410.86,412.17 2 0
github.com/veilence/veilence-mx/backend/internal/api/handlers/auth.go:412.17,415.3 2 0
github.com/veilence/veilence-mx/backend/internal/api/handlers/auth.go:419.2,420.16 2 0
github.com/veilence/veilence-mx/backend/internal/api/handlers/auth.go:420.16,423.3 2 0
github.com/veilence/veilence-mx/backend/internal/api/handlers/auth.go:426.2,428.9 1 0
github.com/veilence/veilence-mx/backend/internal/api/handlers/charts.go:45.82,54.57 6 0
github.com/veilence/veilence-mx/backend/internal/api/handlers/charts.go:54.57,55.67 1 0
github.com/veilence/veilence-mx/backend/internal/api/handlers/charts.go:55.67,57.4 1 0
github.com/veilence/veilence-mx/backend/internal/api/handlers/charts.go:59.2,59.51 1 0
github.com/veilence/veilence-mx/backend/internal/api/handlers/charts.go:59.51,60.65 1 0
github.com/veilence/veilence-mx/backend/internal/api/handlers/charts.go:60.65,62.4 1 0
github.com/veilence/veilence-mx/backend/internal/api/handlers/charts.go:66.2,66.19 1 0
github.com/veilence/veilence-mx/backend/internal/api/handlers/charts.go:66.19,68.3 1 0
github.com/veilence/veilence-mx/backend/internal/api/handlers/charts.go:69.2,69.17 1 0
github.com/veilence/veilence-mx/backend/internal/api/handlers/charts.go:69.17,71.3 1 0
github.com/veilence/veilence-mx/backend/internal/api/handlers/charts.go:74.2,75.16 2 0
github.com/veilence/veilence-mx/backend/internal/api/handlers/charts.go:75.16,79.3 3 0
github.com/veilence/veilence-mx/backend/internal/api/handlers/charts.go:82.2,83.35 2 0
github.com/veilence/veilence-mx/backend/internal/api/handlers/charts.go:83.35,85.3 1 0
github.com/veilence/veilence-mx/backend/internal/api/handlers/charts.go:86.2,86.54 1 0
github.com/veilence/veilence-mx/backend/internal/api/handlers/charts.go:86.54,92.3 2 0
github.com/veilence/veilence-mx/backend/internal/api/handlers/charts.go:95.2,96.16 2 0
github.com/veilence/veilence-mx/backend/internal/api/handlers/charts.go:96.16,100.3 3 0
github.com/veilence/veilence-mx/backend/internal/api/handlers/charts.go:102.2,103.16 2 0
github.com/veilence/veilence-mx/backend/internal/api/handlers/charts.go:103.16,107.3 3 0
github.com/veilence/veilence-mx/backend/internal/api/handlers/charts.go:109.2,109.32 1 0
github.com/veilence/veilence-mx/backend/internal/api/handlers/charts.go:109.32,114.3 1 0
github.com/veilence/veilence-mx/backend/internal/api/handlers/charts.go:115.2,115.23 1 0
github.com/veilence/veilence-mx/backend/internal/api/handlers/charts.go:115.23,120.3 1 0
github.com/veilence/veilence-mx/backend/internal/api/handlers/charts.go:121.2,121.36 1 0
github.com/veilence/veilence-mx/backend/internal/api/handlers/charts.go:121.36,123.3 1 0
github.com/veilence/veilence-mx/backend/internal/api/handlers/charts.go:126.2,127.16 2 0
github.com/veilence/veilence-mx/backend/internal/api/handlers/charts.go:127.16,131.3 3 0
github.com/veilence/veilence-mx/backend/internal/api/handlers/charts.go:133.2,133.30 1 0
github.com/veilence/veilence-mx/backend/internal/api/handlers/charts.go:133.30,138.3 1 0
github.com/veilence/veilence-mx/backend/internal/api/handlers/charts.go:139.2,139.31 1 0
github.com/veilence/veilence-mx/backend/internal/api/handlers/charts.go:139.31,141.3 1 0
github.com/veilence/veilence-mx/backend/internal/api/handlers/charts.go:144.2,145.16 2 0
github.com/veilence/veilence-mx/backend/internal/api/handlers/charts.go:145.16,149.3 3 0
github.com/veilence/veilence-mx/backend/internal/api/handlers/charts.go:151.2,152.32 2 0
github.com/veilence/veilence-mx/backend/internal/api/handlers/charts.go:152.32,154.3 1 0
github.com/veilence/veilence-mx/backend/internal/api/handlers/charts.go:155.2,155.68 1 0
github.com/veilence/veilence-mx/backend/internal/api/handlers/charts.go:155.68,160.3 1 0
github.com/veilence/veilence-mx/backend/internal/api/handlers/charts.go:163.2,164.16 2 0
github.com/veilence/veilence-mx/backend/internal/api/handlers/charts.go:164.16,168.3 3 0
github.com/veilence/veilence-mx/backend/internal/api/handlers/charts.go:170.2,170.33 1 0
github.com/veilence/veilence-mx/backend/internal/api/handlers/charts.go:170.33,175.3 1 0
github.com/veilence/veilence-mx/backend/internal/api/handlers/charts.go:176.2,176.36 1 0
github.com/veilence/veilence-mx/backend/internal/api/handlers/charts.go:176.36,178.3 1 0
github.com/veilence/veilence-mx/backend/internal/api/handlers/charts.go:180.2,180.42 1 0
github.com/veilence/veilence-mx/backend/internal/api/handlers/handlers.go:115.13,163.2 1 0
github.com/veilence/veilence-mx/backend/internal/api/handlers/handlers.go:179.75,183.2 3 42
github.com/veilence/veilence-mx/backend/internal/api/handlers/handlers.go:185.66,189.2 3 22
github.com/veilence/veilence-mx/backend/internal/api/handlers/handlers.go:192.66,194.2 1 18
github.com/veilence/veilence-mx/backend/internal/api/handlers/handlers.go:196.50,198.14 2 19
github.com/veilence/veilence-mx/backend/internal/api/handlers/handlers.go:198.14,200.3 1 18
github.com/veilence/veilence-mx/backend/internal/api/handlers/handlers.go:201.2,202.30 2 19
github.com/veilence/veilence-mx/backend/internal/api/handlers/handlers.go:202.30,204.3 1 18
github.com/veilence/veilence-mx/backend/internal/api/handlers/handlers.go:205.2,205.20 1 19
github.com/veilence/veilence-mx/backend/internal/api/handlers/handlers.go:210.94,215.9 4 18
github.com/veilence/veilence-mx/backend/internal/api/handlers/handlers.go:215.9,217.3 1 18
github.com/veilence/veilence-mx/backend/internal/api/handlers/handlers.go:219.2,219.56 1 0
github.com/veilence/veilence-mx/backend/internal/api/handlers/handlers.go:219.56,221.3 1 0
github.com/veilence/veilence-mx/backend/internal/api/handlers/handlers.go:223.2,223.28 1 0
github.com/veilence/veilence-mx/backend/internal/api/handlers/health.go:24.78,30.16 4 0
github.com/veilence/veilence-mx/backend/internal/api/handlers/health.go:30.16,33.3 2 0
github.com/veilence/veilence-mx/backend/internal/api/handlers/health.go:33.8,36.50 3 0
github.com/veilence/veilence-mx/backend/internal/api/handlers/health.go:36.50,39.4 2 0
github.com/veilence/veilence-mx/backend/internal/api/handlers/health.go:39.9,44.4 1 0
github.com/veilence/veilence-mx/backend/internal/api/handlers/health.go:48.2,51.47 4 0
github.com/veilence/veilence-mx/backend/internal/api/handlers/health.go:51.47,54.3 2 0
github.com/veilence/veilence-mx/backend/internal/api/handlers/health.go:54.8,59.3 1 0
github.com/veilence/veilence-mx/backend/internal/api/handlers/health.go:61.2,62.31 2 0
github.com/veilence/veilence-mx/backend/internal/api/handlers/health.go:62.31,64.3 1 0
github.com/veilence/veilence-mx/backend/internal/api/handlers/health.go:66.2,66.35 1 0
github.com/veilence/veilence-mx/backend/internal/api/handlers/health.go:72.81,84.16 5 0
github.com/veilence/veilence-mx/backend/internal/api/handlers/health.go:84.16,87.3 2 0
github.com/veilence/veilence-mx/backend/internal/api/handlers/health.go:87.8,90.50 3 0
github.com/veilence/veilence-mx/backend/internal/api/handlers/health.go:90.50,93.4 2 0
github.com/veilence/veilence-mx/backend/internal/api/handlers/health.go:93.9,98.4 1 0
github.com/veilence/veilence-mx/backend/internal/api/handlers/health.go:102.2,105.47 4 0
github.com/veilence/veilence-mx/backend/internal/api/handlers/health.go:105.47,108.3 2 0
github.com/veilence/veilence-mx/backend/internal/api/handlers/health.go:108.8,113.3 1 0
github.com/veilence/veilence-mx/backend/internal/api/handlers/health.go:115.2,117.12 3 0
github.com/veilence/veilence-mx/backend/internal/api/handlers/health.go:117.12,119.3 1 0
github.com/veilence/veilence-mx/backend/internal/api/handlers/health.go:121.2,121.35 1 0
github.com/veilence/veilence-mx/backend/internal/api/handlers/members.go:29.75,31.16 2 0
github.com/veilence/veilence-mx/backend/internal/api/handlers/members.go:31.16,34.3 2 0
github.com/veilence/veilence-mx/backend/internal/api/handlers/members.go:36.2,37.16 2 0
github.com/veilence/veilence-mx/backend/internal/api/handlers/members.go:37.16,40.3 2 0
github.com/veilence/veilence-mx/backend/internal/api/handlers/members.go:42.2,42.45 1 0
github.com/veilence/veilence-mx/backend/internal/api/handlers/members.go:46.76,49.31 3 0
github.com/veilence/veilence-mx/backend/internal/api/handlers/members.go:49.31,52.3 2 0
github.com/veilence/veilence-mx/backend/internal/api/handlers/members.go:54.2,55.61 2 0
github.com/veilence/veilence-mx/backend/internal/api/handlers/members.go:55.61,58.3 2 0
github.com/veilence/veilence-mx/backend/internal/api/handlers/members.go:60.2,60.21 1 0
github.com/veilence/veilence-mx/backend/internal/api/handlers/members.go:60.21,63.3 2 0
github.com/veilence/veilence-mx/backend/internal/api/handlers/members.go:64.2,64.60 1 0
github.com/veilence/veilence-mx/backend/internal/api/handlers/members.go:64.60,67.3 2 0
github.com/veilence/veilence-mx/backend/internal/api/handlers/members.go:68.2,68.21 1 0
github.com/veilence/veilence-mx/backend/internal/api/handlers/members.go:68.21,71.3 2 0
github.com/veilence/veilence-mx/backend/internal/api/handlers/members.go:73.2,74.16 2 0
github.com/veilence/veilence-mx/backend/internal/api/handlers/members.go:74.16,75.43 1 0
github.com/veilence/veilence-mx/backend/internal/api/handlers/members.go:75.43,78.4 2 0
github.com/veilence/veilence-mx/backend/internal/api/handlers/members.go:79.3,80.9 2 0
github.com/veilence/veilence-mx/backend/internal/api/handlers/members.go:83.2,96.9 2 0
github.com/veilence/veilence-mx/backend/internal/api/handlers/members.go:100.80,102.17 2 0
github.com/veilence/veilence-mx/backend/internal/api/handlers/members.go:102.17,105.3 2 0
github.com/veilence/veilence-mx/backend/internal/api/handlers/members.go:107.2,108.17 2 0
github.com/veilence/veilence-mx/backend/internal/api/handlers/members.go:108.17,111.3 2 0
github.com/veilence/veilence-mx/backend/internal/api/handlers/members.go:113.2,114.21 2 0
github.com/veilence/veilence-mx/backend/internal/api/handlers/members.go:114.21,117.3 2 0
github.com/veilence/veilence-mx/backend/internal/api/handlers/members.go:119.2,120.16 2 0
github.com/veilence/veilence-mx/backend/internal/api/handlers/members.go:120.16,121.49 1 0
github.com/veilence/veilence-mx/backend/internal/api/handlers/members.go:121.49,124.4 2 0
github.com/veilence/veilence-mx/backend/internal/api/handlers/members.go:125.3,125.48 1 0
github.com/veilence/veilence-mx/backend/internal/api/handlers/members.go:125.48,128.4 2 0
github.com/veilence/veilence-mx/backend/internal/api/handlers/members.go:129.3,129.49 1 0
github.com/veilence/veilence-mx/backend/internal/api/handlers/members.go:129.49,132.4 2 0
github.com/veilence/veilence-mx/backend/internal/api/handlers/members.go:133.3,133.44 1 0
github.com/veilence/veilence-mx/backend/internal/api/handlers/members.go:133.44,136.4 2 0
github.com/veilence/veilence-mx/backend/internal/api/handlers/members.go:137.3,137.54 1 0
github.com/veilence/veilence-mx/backend/internal/api/handlers/members.go:137.54,140.4 2 0
github.com/veilence/veilence-mx/backend/internal/api/handlers/members.go:141.3,142.9 2 0
github.com/veilence/veilence-mx/backend/internal/api/handlers/members.go:145.2,147.44 2 0
github.com/veilence/veilence-mx/backend/internal/api/handlers/members.go:154.81,156.17 2 0
github.com/veilence/veilence-mx/backend/internal/api/handlers/members.go:156.17,159.3 2 0
github.com/veilence/veilence-mx/backend/internal/api/handlers/members.go:161.2,162.16 2 0
github.com/veilence/veilence-mx/backend/internal/api/handlers/members.go:162.16,163.49 1 0
github.com/veilence/veilence-mx/backend/internal/api/handlers/members.go:163.49,166.4 2 0
github.com/veilence/veilence-mx/backend/internal/api/handlers/members.go:167.3,168.9 2 0
github.com/veilence/veilence-mx/backend/internal/api/handlers/members.go:172.2,178.9 1 0
github.com/veilence/veilence-mx/backend/internal/api/handlers/members.go:183.86,185.16 2 0
github.com/veilence/veilence-mx/backend/internal/api/handlers/members.go:185.16,188.3 2 0
github.com/veilence/veilence-mx/backend/internal/api/handlers/members.go:190.2,191.16 2 0
github.com/veilence/veilence-mx/backend/internal/api/handlers/members.go:191.16,194.3 2 0
github.com/veilence/veilence-mx/backend/internal/api/handlers/members.go:196.2,196.49 1 0
github.com/veilence/veilence-mx/backend/internal/api/handlers/members.go:201.80,203.16 2 0
github.com/veilence/veilence-mx/backend/internal/api/handlers/members.go:203.16,206.3 2 0
github.com/veilence/veilence-mx/backend/internal/api/handlers/members.go:208.2,210.16 3 0
github.com/veilence/veilence-mx/backend/internal/api/handlers/members.go:210.16,213.3 2 0
github.com/veilence/veilence-mx/backend/internal/api/handlers/members.go:215.2,215.65 1 0
github.com/veilence/veilence-mx/backend/internal/api/handlers/members.go:215.65,216.49 1 0
github.com/veilence/veilence-mx/backend/internal/api/handlers/members.go:216.49,219.4 2 0
github.com/veilence/veilence-mx/backend/internal/api/handlers/members.go:220.3,221.9 2 0
github.com/veilence/veilence-mx/backend/internal/api/handlers/members.go:224.2,226.88 2 0
github.com/veilence/veilence-mx/backend/internal/api/handlers/members.go:230.76,232.16 2 0
github.com/veilence/veilence-mx/backend/internal/api/handlers/members.go:232.16,235.3 2 0
github.com/veilence/veilence-mx/backend/internal/api/handlers/members.go:237.2,239.16 3 0
github.com/veilence/veilence-mx/backend/internal/api/handlers/members.go:239.16,242.3 2 0
github.com/veilence/veilence-mx/backend/internal/api/handlers/members.go:244.2,244.71 1 0
github.com/veilence/veilence-mx/backend/internal/api/handlers/members.go:244.71,245.48 1 0
github.com/veilence/veilence-mx/backend/internal/api/handlers/members.go:245.48,248.4 2 0
github.com/veilence/veilence-mx/backend/internal/api/handlers/members.go:249.3,249.45 1 0
github.com/veilence/veilence-mx/backend/internal/api/handlers/members.go:249.45,252.4 2 0
github.com/veilence/veilence-mx/backend/internal/api/handlers/members.go:253.3,254.9 2 0
github.com/veilence/veilence-mx/backend/internal/api/handlers/members.go:257.2,259.41 2 0
github.com/veilence/veilence-mx/backend/internal/api/handlers/members.go:263.80,265.16 2 0
github.com/veilence/veilence-mx/backend/internal/api/handlers/members.go:265.16,268.3 2 0
github.com/veilence/veilence-mx/backend/internal/api/handlers/members.go:270.2,272.16 3 0
github.com/veilence/veilence-mx/backend/internal/api/handlers/members.go:272.16,275.3 2 0
github.com/veilence/veilence-mx/backend/internal/api/handlers/members.go:277.2,278.61 2 0
github.com/veilence/veilence-mx/backend/internal/api/handlers/members.go:278.61,281.3 2 0
github.com/veilence/veilence-mx/backend/internal/api/handlers/members.go:283.2,283.21 1 0
github.com/veilence/veilence-mx/backend/internal/api/handlers/members.go:283.21,286.3 2 0
github.com/veilence/veilence-mx/backend/internal/api/handlers/members.go:288.2,289.16 2 0
github.com/veilence/veilence-mx/backend/internal/api/handlers/members.go:289.16,290.48 1 0
github.com/veilence/veilence-mx/backend/internal/api/handlers/members.go:290.48,293.4 2 0
github.com/veilence/veilence-mx/backend/internal/api/handlers/members.go:294.3,294.45 1 0
github.com/veilence/veilence-mx/backend/internal/api/handlers/members.go:294.45,297.4 2 0
github.com/veilence/veilence-mx/backend/internal/api/handlers/members.go:298.3,298.43 1 0
github.com/veilence/veilence-mx/backend/internal/api/handlers/members.go:298.43,301.4 2 0
github.com/veilence/veilence-mx/backend/internal/api/handlers/members.go:302.3,303.9 2 0
github.com/veilence/veilence-mx/backend/internal/api/handlers/members.go:306.2,308.44 2 0
github.com/veilence/veilence-mx/backend/internal/api/handlers/notifications.go:38.97,40.16 2 0
github.com/veilence/veilence-mx/backend/internal/api/handlers/notifications.go:40.16,43.3 2 0
github.com/veilence/veilence-mx/backend/internal/api/handlers/notifications.go:45.2,46.16 2 0
github.com/veilence/veilence-mx/backend/internal/api/handlers/notifications.go:46.16,49.3 2 0
github.com/veilence/veilence-mx/backend/internal/api/handlers/notifications.go:51.2,51.46 1 0
github.com/veilence/veilence-mx/backend/internal/api/handlers/notifications.go:55.98,57.16 2 0
github.com/veilence/veilence-mx/backend/internal/api/handlers/notifications.go:57.16,60.3 2 0
github.com/veilence/veilence-mx/backend/internal/api/handlers/notifications.go:62.2,63.61 2 0
github.com/veilence/veilence-mx/backend/internal/api/handlers/notifications.go:63.61,66.3 2 0
github.com/veilence/veilence-mx/backend/internal/api/handlers/notifications.go:68.2,68.70 1 0
github.com/veilence/veilence-mx/backend/internal/api/handlers/notifications.go:68.70,71.3 2 0
github.com/veilence/veilence-mx/backend/internal/api/handlers/notifications.go:72.2,72.76 1 0
github.com/veilence/veilence-mx/backend/internal/api/handlers/notifications.go:72.76,75.3 2 0
github.com/veilence/veilence-mx/backend/internal/api/handlers/notifications.go:77.2,82.27 2 0
github.com/veilence/veilence-mx/backend/internal/api/handlers/notifications.go:82.27,85.3 2 0
github.com/veilence/veilence-mx/backend/internal/api/handlers/notifications.go:87.2,88.16 2 0
github.com/veilence/veilence-mx/backend/internal/api/handlers/notifications.go:88.16,91.3 2 0
github.com/veilence/veilence-mx/backend/internal/api/handlers/notifications.go:93.2,95.50 2 0
github.com/veilence/veilence-mx/backend/internal/api/handlers/notifications.go:99.98,101.16 2 0
github.com/veilence/veilence-mx/backend/internal/api/handlers/notifications.go:101.16,104.3 2 0
github.com/veilence/veilence-mx/backend/internal/api/handlers/notifications.go:106.2,108.16 3 0
github.com/veilence/veilence-mx/backend/internal/api/handlers/notifications.go:108.16,111.3 2 0
github.com/veilence/veilence-mx/backend/internal/api/handlers/notifications.go:113.2,114.61 2 0
github.com/veilence/veilence-mx/backend/internal/api/handlers/notifications.go:114.61,117.3 2 0
github.com/veilence/veilence-mx/backend/internal/api/handlers/notifications.go:119.2,119.70 1 0
github.com/veilence/veilence-mx/backend/internal/api/handlers/notifications.go:119.70,122.3 2 0
github.com/veilence/veilence-mx/backend/internal/api/handlers/notifications.go:123.2,123.76 1 0
github.com/veilence/veilence-mx/backend/internal/api/handlers/notifications.go:123.76,126.3 2 0
github.com/veilence/veilence-mx/backend/internal/api/handlers/notifications.go:128.2,129.16 2 0
github.com/veilence/veilence-mx/backend/internal/api/handlers/notifications.go:129.16,132.3 2 0
github.com/veilence/veilence-mx/backend/internal/api/handlers/notifications.go:134.2,136.45 2 0
github.com/veilence/veilence-mx/backend/internal/api/handlers/notifications.go:140.98,142.16 2 0
github.com/veilence/veilence-mx/backend/internal/api/handlers/notifications.go:142.16,145.3 2 0
github.com/veilence/veilence-mx/backend/internal/api/handlers/notifications.go:147.2,149.16 3 0
github.com/veilence/veilence-mx/backend/internal/api/handlers/notifications.go:149.16,152.3 2 0
github.com/veilence/veilence-mx/backend/internal/api/handlers/notifications.go:154.2,154.71 1 0
github.com/veilence/veilence-mx/backend/internal/api/handlers/notifications.go:154.71,157.3 2 0
github.com/veilence/veilence-mx/backend/internal/api/handlers/notifications.go:159.2,161.41 2 0
github.com/veilence/veilence-mx/backend/internal/api/handlers/notifications.go:165.94,167.16 2 0
github.com/veilence/veilence-mx/backend/internal/api/handlers/notifications.go:167.16,170.3 2 0
github.com/veilence/veilence-mx/backend/internal/api/handlers/notifications.go:172.2,173.16 2 0
github.com/veilence/veilence-mx/backend/internal/api/handlers/notifications.go:173.16,176.3 2 0
github.com/veilence/veilence-mx/backend/internal/api/handlers/notifications.go:178.2,178.43 1 0
github.com/veilence/veilence-mx/backend/internal/api/handlers/notifications.go:182.95,184.16 2 0
github.com/veilence/veilence-mx/backend/internal/api/handlers/notifications.go:184.16,187.3 2 0
github.com/veilence/veilence-mx/backend/internal/api/handlers/notifications.go:189.2,190.61 2 0
github.com/veilence/veilence-mx/backend/internal/api/handlers/notifications.go:190.61,193.3 2 0
github.com/veilence/veilence-mx/backend/internal/api/handlers/notifications.go:195.2,195.24 1 0
github.com/veilence/veilence-mx/backend/internal/api/handlers/notifications.go:195.24,198.3 2 0
github.com/veilence/veilence-mx/backend/internal/api/handlers/notifications.go:200.2,203.58 2 0
github.com/veilence/veilence-mx/backend/internal/api/handlers/notifications.go:203.58,206.3 2 0
github.com/veilence/veilence-mx/backend/internal/api/handlers/notifications.go:208.2,209.16 2 0
github.com/veilence/veilence-mx/backend/internal/api/handlers/notifications.go:209.16,212.3 2 0
github.com/veilence/veilence-mx/backend/internal/api/handlers/notifications.go:214.2,216.47 2 0
github.com/veilence/veilence-mx/backend/internal/api/handlers/notifications.go:220.95,222.16 2 0
github.com/veilence/veilence-mx/backend/internal/api/handlers/notifications.go:222.16,225.3 2 0
github.com/veilence/veilence-mx/backend/internal/api/handlers/notifications.go:227.2,229.16 3 0
github.com/veilence/veilence-mx/backend/internal/api/handlers/notifications.go:229.16,232.3 2 0
github.com/veilence/veilence-mx/backend/internal/api/handlers/notifications.go:234.2,234.68 1 0
github.com/veilence/veilence-mx/backend/internal/api/handlers/notifications.go:234.68,237.3 2 0
github.com/veilence/veilence-mx/backend/internal/api/handlers/notifications.go:239.2,241.41 2 0
github.com/veilence/veilence-mx/backend/internal/api/handlers/notifications.go:246.94,248.17 2 0
github.com/veilence/veilence-mx/backend/internal/api/handlers/notifications.go:248.17,251.3 2 0
github.com/veilence/veilence-mx/backend/internal/api/handlers/notifications.go:253.2,256.16 3 0
github.com/veilence/veilence-mx/backend/internal/api/handlers/notifications.go:256.16,259.3 2 0
github.com/veilence/veilence-mx/backend/internal/api/handlers/notifications.go:261.2,261.51 1 0
github.com/veilence/veilence-mx/backend/internal/api/handlers/notifications.go:266.87,268.17 2 0
github.com/veilence/veilence-mx/backend/internal/api/handlers/notifications.go:268.17,271.3 2 0
github.com/veilence/veilence-mx/backend/internal/api/handlers/notifications.go:273.2,274.16 2 0
github.com/veilence/veilence-mx/backend/internal/api/handlers/notifications.go:274.16,277.3 2 0
github.com/veilence/veilence-mx/backend/internal/api/handlers/notifications.go:279.2,279.70 1 0
github.com/veilence/veilence-mx/backend/internal/api/handlers/notifications.go:284.93,286.17 2 0
github.com/veilence/veilence-mx/backend/internal/api/handlers/notifications.go:286.17,289.3 2 0
github.com/veilence/veilence-mx/backend/internal/api/handlers/notifications.go:291.2,293.16 3 0
github.com/veilence/veilence-mx/backend/internal/api/handlers/notifications.go:293.16,296.3 2 0
github.com/veilence/veilence-mx/backend/internal/api/handlers/notifications.go:298.2,298.67 1 0
github.com/veilence/veilence-mx/backend/internal/api/handlers/notifications.go:298.67,301.3 2 0
github.com/veilence/veilence-mx/backend/internal/api/handlers/notifications.go:303.2,303.41 1 0
github.com/veilence/veilence-mx/backend/internal/api/handlers/notifications.go:308.97,310.17 2 0
github.com/veilence/veilence-mx/backend/internal/api/handlers/notifications.go:310.17,313.3 2 0
github.com/veilence/veilence-mx/backend/internal/api/handlers/notifications.go:315.2,316.16 2 0
github.com/veilence/veilence-mx/backend/internal/api/handlers/notifications.go:316.16,319.3 2 0
github.com/veilence/veilence-mx/backend/internal/api/handlers/notifications.go:321.2,321.75 1 0
github.com/veilence/veilence-mx/backend/internal/api/handlers/organizations.go:30.82,32.17 2 0
github.com/veilence/veilence-mx/backend/internal/api/handlers/organizations.go:32.17,35.3 2 0
github.com/veilence/veilence-mx/backend/internal/api/handlers/organizations.go:37.2,38.61 2 0
github.com/veilence/veilence-mx/backend/internal/api/handlers/organizations.go:38.61,41.3 2 0
github.com/veilence/veilence-mx/backend/internal/api/handlers/organizations.go:43.2,43.70 1 0
github.com/veilence/veilence-mx/backend/internal/api/handlers/organizations.go:43.70,46.3 2 0
github.com/veilence/veilence-mx/backend/internal/api/handlers/organizations.go:47.2,47.58 1 0
github.com/veilence/veilence-mx/backend/internal/api/handlers/organizations.go:47.58,50.3 2 0
github.com/veilence/veilence-mx/backend/internal/api/handlers/organizations.go:52.2,53.16 2 0
github.com/veilence/veilence-mx/backend/internal/api/handlers/organizations.go:53.16,54.40 1 0
github.com/veilence/veilence-mx/backend/internal/api/handlers/organizations.go:54.40,57.4 2 0
github.com/veilence/veilence-mx/backend/internal/api/handlers/organizations.go:58.3,59.9 2 0
github.com/veilence/veilence-mx/backend/internal/api/handlers/organizations.go:62.2,64.46 2 0
github.com/veilence/veilence-mx/backend/internal/api/handlers/organizations.go:68.81,70.17 2 0
github.com/veilence/veilence-mx/backend/internal/api/handlers/organizations.go:70.17,73.3 2 0
github.com/veilence/veilence-mx/backend/internal/api/handlers/organizations.go:75.2,76.16 2 0
github.com/veilence/veilence-mx/backend/internal/api/handlers/organizations.go:76.16,79.3 2 0
github.com/veilence/veilence-mx/backend/internal/api/handlers/organizations.go:81.2,81.42 1 0
github.com/veilence/veilence-mx/backend/internal/api/handlers/organizations.go:85.79,87.16 2 0
github.com/veilence/veilence-mx/backend/internal/api/handlers/organizations.go:87.16,90.3 2 0
github.com/veilence/veilence-mx/backend/internal/api/handlers/organizations.go:92.2,93.16 2 0
github.com/veilence/veilence-mx/backend/internal/api/handlers/organizations.go:93.16,94.42 1 0
github.com/veilence/veilence-mx/backend/internal/api/handlers/organizations.go:94.42,97.4 2 0
github.com/veilence/veilence-mx/backend/internal/api/handlers/organizations.go:98.3,99.9 2 0
github.com/veilence/veilence-mx/backend/internal/api/handlers/organizations.go:102.2,102.41 1 0
github.com/veilence/veilence-mx/backend/internal/api/handlers/organizations.go:106.82,108.16 2 0
github.com/veilence/veilence-mx/backend/internal/api/handlers/organizations.go:108.16,111.3 2 0
github.com/veilence/veilence-mx/backend/internal/api/handlers/organizations.go:113.2,114.61 2 0
github.com/veilence/veilence-mx/backend/internal/api/handlers/organizations.go:114.61,117.3 2 0
github.com/veilence/veilence-mx/backend/internal/api/handlers/organizations.go:120.2,121.16 2 0
github.com/veilence/veilence-mx/backend/internal/api/handlers/organizations.go:121.16,124.3 2 0
github.com/veilence/veilence-mx/backend/internal/api/handlers/organizations.go:126.2,127.40 2 0
github.com/veilence/veilence-mx/backend/internal/api/handlers/organizations.go:127.40,129.3 1 0
github.com/veilence/veilence-mx/backend/internal/api/handlers/organizations.go:130.2,131.40 2 0
github.com/veilence/veilence-mx/backend/internal/api/handlers/organizations.go:131.40,132.60 1 0
github.com/veilence/veilence-mx/backend/internal/api/handlers/organizations.go:132.60,135.4 2 0
github.com/veilence/veilence-mx/backend/internal/api/handlers/organizations.go:136.3,136.19 1 0
github.com/veilence/veilence-mx/backend/internal/api/handlers/organizations.go:138.2,139.28 2 0
github.com/veilence/veilence-mx/backend/internal/api/handlers/organizations.go:139.28,141.3 1 0
github.com/veilence/veilence-mx/backend/internal/api/handlers/organizations.go:143.2,144.16 2 0
github.com/veilence/veilence-mx/backend/internal/api/handlers/organizations.go:144.16,145.42 1 0
github.com/veilence/veilence-mx/backend/internal/api/handlers/organizations.go:145.42,148.4 2 0
github.com/veilence/veilence-mx/backend/internal/api/handlers/organizations.go:149.3,149.40 1 0
github.com/veilence/veilence-mx/backend/internal/api/handlers/organizations.go:149.40,152.4 2 0
github.com/veilence/veilence-mx/backend/internal/api/handlers/organizations.go:153.3,154.9 2 0
github.com/veilence/veilence-mx/backend/internal/api/handlers/organizations.go:157.2,159.41 2 0
github.com/veilence/veilence-mx/backend/internal/api/handlers/organizations.go:163.82,166.16 3 0
github.com/veilence/veilence-mx/backend/internal/api/handlers/organizations.go:166.16,169.3 2 0
github.com/veilence/veilence-mx/backend/internal/api/handlers/organizations.go:171.2,171.63 1 0
github.com/veilence/veilence-mx/backend/internal/api/handlers/organizations.go:171.63,172.42 1 0
github.com/veilence/veilence-mx/backend/internal/api/handlers/organizations.go:172.42,175.4 2 0
github.com/veilence/veilence-mx/backend/internal/api/handlers/organizations.go:176.3,177.9 2 0
github.com/veilence/veilence-mx/backend/internal/api/handlers/organizations.go:180.2,182.41 2 0
github.com/veilence/veilence-mx/backend/internal/api/handlers/packages.go:17.80,34.26 8 9
github.com/veilence/veilence-mx/backend/internal/api/handlers/packages.go:34.26,36.3 1 2
github.com/veilence/veilence-mx/backend/internal/api/handlers/packages.go:37.2,37.26 1 9
github.com/veilence/veilence-mx/backend/internal/api/handlers/packages.go:37.26,39.3 1 1
github.com/veilence/veilence-mx/backend/internal/api/handlers/packages.go:40.2,40.18 1 9
github.com/veilence/veilence-mx/backend/internal/api/handlers/packages.go:40.18,42.3 1 0
github.com/veilence/veilence-mx/backend/internal/api/handlers/packages.go:44.2,53.88 5 9
github.com/veilence/veilence-mx/backend/internal/api/handlers/packages.go:57.78,61.16 3 3
github.com/veilence/veilence-mx/backend/internal/api/handlers/packages.go:61.16,64.3 2 1
github.com/veilence/veilence-mx/backend/internal/api/handlers/packages.go:66.2,67.89 2 2
github.com/veilence/veilence-mx/backend/internal/api/handlers/packages.go:67.89,70.3 2 1
github.com/veilence/veilence-mx/backend/internal/api/handlers/packages.go:72.2,72.41 1 1
github.com/veilence/veilence-mx/backend/internal/api/handlers/packages.go:81.81,85.61 3 7
github.com/veilence/veilence-mx/backend/internal/api/handlers/packages.go:85.61,88.3 2 1
github.com/veilence/veilence-mx/backend/internal/api/handlers/packages.go:90.2,90.20 1 6
github.com/veilence/veilence-mx/backend/internal/api/handlers/packages.go:90.20,93.3 2 1
github.com/veilence/veilence-mx/backend/internal/api/handlers/packages.go:94.2,94.53 1 5
github.com/veilence/veilence-mx/backend/internal/api/handlers/packages.go:94.53,97.3 2 1
github.com/veilence/veilence-mx/backend/internal/api/handlers/packages.go:99.2,100.143 2 4
github.com/veilence/veilence-mx/backend/internal/api/handlers/packages.go:100.143,103.3 2 1
github.com/veilence/veilence-mx/backend/internal/api/handlers/packages.go:105.2,112.48 2 3
github.com/veilence/veilence-mx/backend/internal/api/handlers/packages.go:112.48,115.3 2 0
github.com/veilence/veilence-mx/backend/internal/api/handlers/packages.go:117.2,119.46 2 3
github.com/veilence/veilence-mx/backend/internal/api/handlers/packages.go:123.81,127.16 3 2
github.com/veilence/veilence-mx/backend/internal/api/handlers/packages.go:127.16,130.3 2 1
github.com/veilence/veilence-mx/backend/internal/api/handlers/packages.go:132.2,133.25 2 1
github.com/veilence/veilence-mx/backend/internal/api/handlers/packages.go:133.25,136.3 2 0
github.com/veilence/veilence-mx/backend/internal/api/handlers/packages.go:138.2,140.41 2 1
github.com/veilence/veilence-mx/backend/internal/api/handlers/queue.go:18.79,19.20 1 0
github.com/veilence/veilence-mx/backend/internal/api/handlers/queue.go:19.20,22.3 2 0
github.com/veilence/veilence-mx/backend/internal/api/handlers/queue.go:24.2,25.16 2 0
github.com/veilence/veilence-mx/backend/internal/api/handlers/queue.go:25.16,29.3 3 0
github.com/veilence/veilence-mx/backend/internal/api/handlers/queue.go:31.2,32.16 2 0
github.com/veilence/veilence-mx/backend/internal/api/handlers/queue.go:32.16,36.3 3 0
github.com/veilence/veilence-mx/backend/internal/api/handlers/queue.go:38.2,41.9 1 0
github.com/veilence/veilence-mx/backend/internal/api/handlers/queue.go:47.77,48.20 1 0
github.com/veilence/veilence-mx/backend/internal/api/handlers/queue.go:48.20,51.3 2 0
github.com/veilence/veilence-mx/backend/internal/api/handlers/queue.go:53.2,54.19 2 0
github.com/veilence/veilence-mx/backend/internal/api/handlers/queue.go:54.19,56.3 1 0
github.com/veilence/veilence-mx/backend/internal/api/handlers/queue.go:58.2,59.16 2 0
github.com/veilence/veilence-mx/backend/internal/api/handlers/queue.go:59.16,63.3 3 0
github.com/veilence/veilence-mx/backend/internal/api/handlers/queue.go:65.2,65.42 1 0
github.com/veilence/veilence-mx/backend/internal/api/handlers/queue.go:71.79,72.20 1 0
github.com/veilence/veilence-mx/backend/internal/api/handlers/queue.go:72.20,75.3 2 0
github.com/veilence/veilence-mx/backend/internal/api/handlers/queue.go:77.2,78.19 2 0
github.com/veilence/veilence-mx/backend/internal/api/handlers/queue.go:78.19,80.3 1 0
github.com/veilence/veilence-mx/backend/internal/api/handlers/queue.go:82.2,83.16 2 0
github.com/veilence/veilence-mx/backend/internal/api/handlers/queue.go:83.16,87.3 3 0
github.com/veilence/veilence-mx/backend/internal/api/handlers/queue.go:89.2,92.9 1 0
github.com/veilence/veilence-mx/backend/internal/api/handlers/releases.go:23.87,27.16 3 4
github.com/veilence/veilence-mx/backend/internal/api/handlers/releases.go:27.16,30.3 2 1
github.com/veilence/veilence-mx/backend/internal/api/handlers/releases.go:33.2,34.96 2 3
github.com/veilence/veilence-mx/backend/internal/api/handlers/releases.go:34.96,37.3 2 2
github.com/veilence/veilence-mx/backend/internal/api/handlers/releases.go:39.2,51.88 6 1
github.com/veilence/veilence-mx/backend/internal/api/handlers/releases.go:55.78,59.16 3 5
github.com/veilence/veilence-mx/backend/internal/api/handlers/releases.go:59.16,62.3 2 0
github.com/veilence/veilence-mx/backend/internal/api/handlers/releases.go:64.2,65.74 2 5
github.com/veilence/veilence-mx/backend/internal/api/handlers/releases.go:65.74,68.3 2 1
github.com/veilence/veilence-mx/backend/internal/api/handlers/releases.go:71.2,71.36 1 4
github.com/veilence/veilence-mx/backend/internal/api/handlers/releases.go:71.36,74.3 2 1
github.com/veilence/veilence-mx/backend/internal/api/handlers/releases.go:76.2,82.94 3 3
github.com/veilence/veilence-mx/backend/internal/api/handlers/releases.go:82.94,85.93 3 1
github.com/veilence/veilence-mx/backend/internal/api/handlers/releases.go:85.93,87.4 1 1
github.com/veilence/veilence-mx/backend/internal/api/handlers/releases.go:88.8,88.60 1 2
github.com/veilence/veilence-mx/backend/internal/api/handlers/releases.go:88.60,91.3 1 2
github.com/veilence/veilence-mx/backend/internal/api/handlers/releases.go:93.2,93.44 1 3
github.com/veilence/veilence-mx/backend/internal/api/handlers/roles.go:10.73,12.16 2 0
github.com/veilence/veilence-mx/backend/internal/api/handlers/roles.go:12.16,15.3 2 0
github.com/veilence/veilence-mx/backend/internal/api/handlers/roles.go:17.2,18.16 2 0
github.com/veilence/veilence-mx/backend/internal/api/handlers/roles.go:18.16,21.3 2 0
github.com/veilence/veilence-mx/backend/internal/api/handlers/roles.go:23.2,23.43 1 0
github.com/veilence/veilence-mx/backend/internal/api/handlers/roles.go:27.79,29.16 2 0
github.com/veilence/veilence-mx/backend/internal/api/handlers/roles.go:29.16,32.3 2 0
github.com/veilence/veilence-mx/backend/internal/api/handlers/roles.go:34.2,34.43 1 0
github.com/veilence/veilence-mx/backend/internal/api/handlers/session_handler.go:21.80,23.17 2 0
github.com/veilence/veilence-mx/backend/internal/api/handlers/session_handler.go:23.17,26.3 2 0
github.com/veilence/veilence-mx/backend/internal/api/handlers/session_handler.go:28.2,29.16 2 0
github.com/veilence/veilence-mx/backend/internal/api/handlers/session_handler.go:29.16,32.3 2 0
github.com/veilence/veilence-mx/backend/internal/api/handlers/session_handler.go:34.2,34.46 1 0
github.com/veilence/veilence-mx/backend/internal/api/handlers/session_handler.go:39.81,41.17 2 0
github.com/veilence/veilence-mx/backend/internal/api/handlers/session_handler.go:41.17,44.3 2 0
github.com/veilence/veilence-mx/backend/internal/api/handlers/session_handler.go:46.2,47.16 2 0
github.com/veilence/veilence-mx/backend/internal/api/handlers/session_handler.go:47.16,50.3 2 0
github.com/veilence/veilence-mx/backend/internal/api/handlers/session_handler.go:52.2,52.63 1 0
github.com/veilence/veilence-mx/backend/internal/api/handlers/session_handler.go:52.63,53.46 1 0
github.com/veilence/veilence-mx/backend/internal/api/handlers/session_handler.go:53.46,56.4 2 0
github.com/veilence/veilence-mx/backend/internal/api/handlers/session_handler.go:57.3,58.9 2 0
github.com/veilence/veilence-mx/backend/internal/api/handlers/session_handler.go:61.2,61.85 1 0
github.com/veilence/veilence-mx/backend/internal/api/handlers/settings.go:16.80,23.29 5 10
github.com/veilence/veilence-mx/backend/internal/api/handlers/settings.go:23.29,25.3 1 12
github.com/veilence/veilence-mx/backend/internal/api/handlers/settings.go:27.2,27.44 1 10
github.com/veilence/veilence-mx/backend/internal/api/handlers/settings.go:31.83,35.61 3 6
github.com/veilence/veilence-mx/backend/internal/api/handlers/settings.go:35.61,38.3 2 1
github.com/veilence/veilence-mx/backend/internal/api/handlers/settings.go:40.2,52.30 2 5
github.com/veilence/veilence-mx/backend/internal/api/handlers/settings.go:52.30,53.22 1 7
github.com/veilence/veilence-mx/backend/internal/api/handlers/settings.go:53.22,56.4 2 1
github.com/veilence/veilence-mx/backend/internal/api/handlers/settings.go:58.3,60.26 3 6
github.com/veilence/veilence-mx/backend/internal/api/handlers/settings.go:60.26,63.4 1 5
github.com/veilence/veilence-mx/backend/internal/api/handlers/settings.go:63.9,66.4 1 1
github.com/veilence/veilence-mx/backend/internal/api/handlers/settings.go:69.2,70.23 2 4
github.com/veilence/veilence-mx/backend/internal/api/handlers/settings.go:70.23,72.3 1 6
github.com/veilence/veilence-mx/backend/internal/api/handlers/settings.go:73.2,76.21 2 4
github.com/veilence/veilence-mx/backend/internal/api/handlers/settings.go:76.21,78.3 1 0
github.com/veilence/veilence-mx/backend/internal/api/handlers/settings.go:81.2,81.21 1 4
github.com/veilence/veilence-mx/backend/internal/api/handlers/settings.go:85.84,89.52 3 0
github.com/veilence/veilence-mx/backend/internal/api/handlers/settings.go:89.52,93.115 3 0
github.com/veilence/veilence-mx/backend/internal/api/handlers/settings.go:93.115,94.64 1 0
github.com/veilence/veilence-mx/backend/internal/api/handlers/settings.go:94.64,96.5 1 0
github.com/veilence/veilence-mx/backend/internal/api/handlers/settings.go:99.3,99.85 1 0
github.com/veilence/veilence-mx/backend/internal/api/handlers/settings.go:99.85,103.4 3 0
github.com/veilence/veilence-mx/backend/internal/api/handlers/settings.go:106.2,106.51 1 0
github.com/veilence/veilence-mx/backend/internal/api/handlers/settings.go:106.51,109.114 3 0
github.com/veilence/veilence-mx/backend/internal/api/handlers/settings.go:109.114,110.64 1 0
github.com/veilence/veilence-mx/backend/internal/api/handlers/settings.go:110.64,112.5 1 0
github.com/veilence/veilence-mx/backend/internal/api/handlers/settings.go:115.3,115.84 1 0
github.com/veilence/veilence-mx/backend/internal/api/handlers/settings.go:115.84,119.4 3 0
github.com/veilence/veilence-mx/backend/internal/api/handlers/settings.go:122.2,122.84 1 0
github.com/veilence/veilence-mx/backend/internal/audit/middleware.go:15.28,22.2 5 1
github.com/veilence/veilence-mx/backend/internal/audit/middleware.go:28.60,29.71 1 2
github.com/veilence/veilence-mx/backend/internal/audit/middleware.go:29.71,31.26 2 2
github.com/veilence/veilence-mx/backend/internal/audit/middleware.go:31.26,33.4 1 1
github.com/veilence/veilence-mx/backend/internal/audit/middleware.go:35.3,38.40 3 2
github.com/veilence/veilence-mx/backend/internal/audit/middleware.go:44.59,45.55 1 48
github.com/veilence/veilence-mx/backend/internal/audit/middleware.go:45.55,47.3 1 3
github.com/veilence/veilence-mx/backend/internal/audit/middleware.go:48.2,48.11 1 45
github.com/veilence/veilence-mx/backend/internal/audit/service.go:44.39,46.2 1 17
github.com/veilence/veilence-mx/backend/internal/audit/service.go:50.108,57.60 5 35
github.com/veilence/veilence-mx/backend/internal/audit/service.go:57.60,60.3 2 3
github.com/veilence/veilence-mx/backend/internal/audit/service.go:62.2,74.49 2 35
github.com/veilence/veilence-mx/backend/internal/audit/service.go:74.49,84.3 2 0
github.com/veilence/veilence-mx/backend/internal/audit/service.go:86.2,94.3 1 35
github.com/veilence/veilence-mx/backend/internal/audit/service.go:101.97,105.60 3 10
github.com/veilence/veilence-mx/backend/internal/audit/service.go:105.60,108.3 2 1
github.com/veilence/veilence-mx/backend/internal/audit/service.go:110.2,122.49 2 10
github.com/veilence/veilence-mx/backend/internal/audit/service.go:122.49,129.3 2 0
github.com/veilence/veilence-mx/backend/internal/audit/service.go:131.2,135.3 1 10
github.com/veilence/veilence-mx/backend/internal/audit/service.go:141.124,149.2 1 3
github.com/veilence/veilence-mx/backend/internal/audit/service.go:153.72,155.40 2 3
github.com/veilence/veilence-mx/backend/internal/audit/service.go:155.40,157.14 2 7
github.com/veilence/veilence-mx/backend/internal/audit/service.go:157.14,158.12 1 0
github.com/veilence/veilence-mx/backend/internal/audit/service.go:160.3,162.28 3 7
github.com/veilence/veilence-mx/backend/internal/audit/service.go:162.28,167.4 1 4
github.com/veilence/veilence-mx/backend/internal/audit/service.go:170.2,170.23 1 3
github.com/veilence/veilence-mx/backend/internal/audit/service.go:170.23,172.3 1 1
github.com/veilence/veilence-mx/backend/internal/audit/service.go:174.2,178.16 2 2
github.com/veilence/veilence-mx/backend/internal/audit/service.go:178.16,181.3 2 0
github.com/veilence/veilence-mx/backend/internal/audit/service.go:183.2,183.87 1 2
github.com/veilence/veilence-mx/backend/internal/audit/service.go:188.121,191.26 2 5
github.com/veilence/veilence-mx/backend/internal/audit/service.go:191.26,193.3 1 1
github.com/veilence/veilence-mx/backend/internal/audit/service.go:194.2,194.28 1 5
github.com/veilence/veilence-mx/backend/internal/audit/service.go:194.28,196.3 1 1
[...]
github.com/veilence/veilence-mx/backend/internal/auth/service.go:533.3,533.52 1 0
github.com/veilence/veilence-mx/backend/internal/auth/service.go:536.2,536.26 1 4
github.com/veilence/veilence-mx/backend/internal/auth/service.go:536.26,538.3 1 1
github.com/veilence/veilence-mx/backend/internal/auth/service.go:540.2,540.40 1 3
github.com/veilence/veilence-mx/backend/internal/auth/service.go:540.40,542.3 1 1
github.com/veilence/veilence-mx/backend/internal/auth/service.go:545.2,546.16 2 2
github.com/veilence/veilence-mx/backend/internal/auth/service.go:546.16,548.3 1 0
github.com/veilence/veilence-mx/backend/internal/auth/service.go:551.2,552.16 2 2
github.com/veilence/veilence-mx/backend/internal/auth/service.go:552.16,554.3 1 0
github.com/veilence/veilence-mx/backend/internal/auth/service.go:556.2,557.50 2 2
github.com/veilence/veilence-mx/backend/internal/auth/service.go:557.50,559.3 1 0
github.com/veilence/veilence-mx/backend/internal/auth/service.go:562.2,562.66 1 2
github.com/veilence/veilence-mx/backend/internal/auth/service.go:562.66,564.3 1 0
github.com/veilence/veilence-mx/backend/internal/auth/service.go:566.2,567.12 2 2
github.com/veilence/veilence-mx/backend/internal/auth/service.go:572.79,579.16 4 6
github.com/veilence/veilence-mx/backend/internal/auth/service.go:579.16,581.3 1 0
github.com/veilence/veilence-mx/backend/internal/auth/service.go:583.2,589.64 2 6
github.com/veilence/veilence-mx/backend/internal/auth/service.go:589.64,591.3 1 0
github.com/veilence/veilence-mx/backend/internal/auth/service.go:593.2,594.22 2 6
github.com/veilence/veilence-mx/backend/internal/auth/service.go:598.54,604.16 4 6
github.com/veilence/veilence-mx/backend/internal/auth/service.go:604.16,605.41 1 3
github.com/veilence/veilence-mx/backend/internal/auth/service.go:605.41,607.4 1 3
github.com/veilence/veilence-mx/backend/internal/auth/service.go:608.3,608.59 1 0
github.com/veilence/veilence-mx/backend/internal/auth/service.go:611.2,611.40 1 3
github.com/veilence/veilence-mx/backend/internal/auth/service.go:611.40,613.3 1 1
github.com/veilence/veilence-mx/backend/internal/auth/service.go:615.2,616.16 2 2
github.com/veilence/veilence-mx/backend/internal/auth/service.go:616.16,618.3 1 0
github.com/veilence/veilence-mx/backend/internal/auth/service.go:620.2,621.50 2 2
github.com/veilence/veilence-mx/backend/internal/auth/service.go:621.50,623.3 1 0
github.com/veilence/veilence-mx/backend/internal/auth/service.go:626.2,626.68 1 2
github.com/veilence/veilence-mx/backend/internal/auth/service.go:626.68,628.3 1 0
github.com/veilence/veilence-mx/backend/internal/auth/service.go:630.2,631.12 2 2
github.com/veilence/veilence-mx/backend/internal/auth/service.go:638.111,643.16 3 18
github.com/veilence/veilence-mx/backend/internal/auth/service.go:643.16,645.3 1 0
github.com/veilence/veilence-mx/backend/internal/auth/service.go:647.2,647.34 1 18
github.com/veilence/veilence-mx/backend/internal/auth/service.go:647.34,648.70 1 1
github.com/veilence/veilence-mx/backend/internal/auth/service.go:648.70,650.4 1 0
github.com/veilence/veilence-mx/backend/internal/auth/service.go:651.3,651.10 1 1
github.com/veilence/veilence-mx/backend/internal/auth/service.go:655.2,655.26 1 18
github.com/veilence/veilence-mx/backend/internal/auth/service.go:655.26,657.3 1 1
github.com/veilence/veilence-mx/backend/internal/auth/service.go:659.2,668.56 2 18
github.com/veilence/veilence-mx/backend/internal/auth/service.go:668.56,670.3 1 0
github.com/veilence/veilence-mx/backend/internal/auth/service.go:672.2,673.21 2 18
github.com/veilence/veilence-mx/backend/internal/auth/service.go:677.71,681.16 3 5
github.com/veilence/veilence-mx/backend/internal/auth/service.go:681.16,683.3 1 0
github.com/veilence/veilence-mx/backend/internal/auth/service.go:684.2,684.22 1 5
github.com/veilence/veilence-mx/backend/internal/auth/service.go:688.63,692.16 3 3
github.com/veilence/veilence-mx/backend/internal/auth/service.go:692.16,694.3 1 1
github.com/veilence/veilence-mx/backend/internal/auth/service.go:696.2,696.30 1 2
github.com/veilence/veilence-mx/backend/internal/auth/service.go:696.30,698.3 1 1
github.com/veilence/veilence-mx/backend/internal/auth/service.go:700.2,700.58 1 1
github.com/veilence/veilence-mx/backend/internal/auth/service.go:700.58,702.3 1 0
github.com/veilence/veilence-mx/backend/internal/auth/service.go:704.2,705.12 2 1
github.com/veilence/veilence-mx/backend/internal/auth/service.go:709.57,713.16 3 1
github.com/veilence/veilence-mx/backend/internal/auth/service.go:713.16,715.3 1 0
github.com/veilence/veilence-mx/backend/internal/auth/service.go:716.2,716.15 1 1
github.com/veilence/veilence-mx/backend/internal/auth/service.go:716.15,718.3 1 1
github.com/veilence/veilence-mx/backend/internal/auth/service.go:719.2,719.19 1 1
github.com/veilence/veilence-mx/backend/internal/auth/service.go:723.43,725.40 2 12
github.com/veilence/veilence-mx/backend/internal/auth/service.go:725.40,727.3 1 0
github.com/veilence/veilence-mx/backend/internal/auth/service.go:728.2,728.35 1 12
github.com/veilence/veilence-mx/backend/internal/rbac/context.go:20.65,22.2 1 99
github.com/veilence/veilence-mx/backend/internal/rbac/context.go:26.49,29.2 2 165
github.com/veilence/veilence-mx/backend/internal/rbac/context.go:34.50,36.2 1 201
github.com/veilence/veilence-mx/backend/internal/rbac/context.go:39.71,41.2 1 99
github.com/veilence/veilence-mx/backend/internal/rbac/context.go:45.56,48.2 2 70
github.com/veilence/veilence-mx/backend/internal/rbac/middleware.go:19.63,20.46 1 104
github.com/veilence/veilence-mx/backend/internal/rbac/middleware.go:20.46,21.72 1 104
github.com/veilence/veilence-mx/backend/internal/rbac/middleware.go:21.72,23.19 2 106
github.com/veilence/veilence-mx/backend/internal/rbac/middleware.go:23.19,26.5 2 1
github.com/veilence/veilence-mx/backend/internal/rbac/middleware.go:28.4,35.32 3 105
github.com/veilence/veilence-mx/backend/internal/rbac/middleware.go:35.32,38.5 2 3
github.com/veilence/veilence-mx/backend/internal/rbac/middleware.go:40.4,41.18 2 102
github.com/veilence/veilence-mx/backend/internal/rbac/middleware.go:41.18,49.5 3 3
github.com/veilence/veilence-mx/backend/internal/rbac/middleware.go:51.4,53.41 3 99
github.com/veilence/veilence-mx/backend/internal/rbac/middleware.go:63.95,64.46 1 95
github.com/veilence/veilence-mx/backend/internal/rbac/middleware.go:64.46,65.72 1 95
github.com/veilence/veilence-mx/backend/internal/rbac/middleware.go:65.72,69.33 3 95
github.com/veilence/veilence-mx/backend/internal/rbac/middleware.go:69.33,72.5 2 2
github.com/veilence/veilence-mx/backend/internal/rbac/middleware.go:74.4,74.79 1 93
github.com/veilence/veilence-mx/backend/internal/rbac/middleware.go:74.79,83.5 3 29
github.com/veilence/veilence-mx/backend/internal/rbac/middleware.go:85.4,85.24 1 64
github.com/veilence/veilence-mx/backend/internal/rbac/service.go:42.39,44.2 1 58
github.com/veilence/veilence-mx/backend/internal/rbac/service.go:48.113,52.15 3 49
github.com/veilence/veilence-mx/backend/internal/rbac/service.go:52.15,54.3 1 1
github.com/veilence/veilence-mx/backend/internal/rbac/service.go:56.2,64.50 2 48
github.com/veilence/veilence-mx/backend/internal/rbac/service.go:64.50,65.46 1 48
github.com/veilence/veilence-mx/backend/internal/rbac/service.go:65.46,67.4 1 0
github.com/veilence/veilence-mx/backend/internal/rbac/service.go:70.3,71.17 2 48
github.com/veilence/veilence-mx/backend/internal/rbac/service.go:71.17,73.4 1 0
github.com/veilence/veilence-mx/backend/internal/rbac/service.go:76.3,77.24 2 48
github.com/veilence/veilence-mx/backend/internal/rbac/service.go:77.24,78.41 1 48
github.com/veilence/veilence-mx/backend/internal/rbac/service.go:78.41,80.10 2 48
github.com/veilence/veilence-mx/backend/internal/rbac/service.go:83.3,83.23 1 48
github.com/veilence/veilence-mx/backend/internal/rbac/service.go:83.23,85.4 1 0
github.com/veilence/veilence-mx/backend/internal/rbac/service.go:87.3,93.49 2 48
github.com/veilence/veilence-mx/backend/internal/rbac/service.go:93.49,95.4 1 0
github.com/veilence/veilence-mx/backend/internal/rbac/service.go:97.3,97.13 1 48
github.com/veilence/veilence-mx/backend/internal/rbac/service.go:99.2,99.16 1 48
github.com/veilence/veilence-mx/backend/internal/rbac/service.go:99.16,101.3 1 0
github.com/veilence/veilence-mx/backend/internal/rbac/service.go:103.2,104.17 2 48
github.com/veilence/veilence-mx/backend/internal/rbac/service.go:109.86,112.49 2 48
github.com/veilence/veilence-mx/backend/internal/rbac/service.go:112.49,114.3 1 0
github.com/veilence/veilence-mx/backend/internal/rbac/service.go:116.2,117.29 2 48
github.com/veilence/veilence-mx/backend/internal/rbac/service.go:117.29,120.3 2 1104
github.com/veilence/veilence-mx/backend/internal/rbac/service.go:122.2,122.57 1 48
github.com/veilence/veilence-mx/backend/internal/rbac/service.go:122.57,124.28 2 192
github.com/veilence/veilence-mx/backend/internal/rbac/service.go:124.28,125.33 1 3120
github.com/veilence/veilence-mx/backend/internal/rbac/service.go:125.33,127.5 1 3120
github.com/veilence/veilence-mx/backend/internal/rbac/service.go:129.3,129.15 1 192
github.com/veilence/veilence-mx/backend/internal/rbac/service.go:133.2,136.76 2 48
github.com/veilence/veilence-mx/backend/internal/rbac/service.go:136.76,138.3 1 1104
github.com/veilence/veilence-mx/backend/internal/rbac/service.go:141.2,174.38 5 48
github.com/veilence/veilence-mx/backend/internal/rbac/service.go:174.38,182.48 2 192
github.com/veilence/veilence-mx/backend/internal/rbac/service.go:182.48,184.4 1 0
github.com/veilence/veilence-mx/backend/internal/rbac/service.go:185.3,185.30 1 192
github.com/veilence/veilence-mx/backend/internal/rbac/service.go:188.2,188.19 1 48
github.com/veilence/veilence-mx/backend/internal/rbac/service.go:192.84,198.16 3 1
github.com/veilence/veilence-mx/backend/internal/rbac/service.go:198.16,200.3 1 0
github.com/veilence/veilence-mx/backend/internal/rbac/service.go:201.2,201.18 1 1
github.com/veilence/veilence-mx/backend/internal/rbac/service.go:205.77,207.54 2 3
github.com/veilence/veilence-mx/backend/internal/rbac/service.go:207.54,208.45 1 2
github.com/veilence/veilence-mx/backend/internal/rbac/service.go:208.45,210.4 1 2
github.com/veilence/veilence-mx/backend/internal/rbac/service.go:211.3,211.58 1 0
github.com/veilence/veilence-mx/backend/internal/rbac/service.go:213.2,213.18 1 1
github.com/veilence/veilence-mx/backend/internal/rbac/service.go:217.112,219.54 2 2
github.com/veilence/veilence-mx/backend/internal/rbac/service.go:219.54,220.45 1 0
github.com/veilence/veilence-mx/backend/internal/rbac/service.go:220.45,222.4 1 0
github.com/veilence/veilence-mx/backend/internal/rbac/service.go:223.3,223.58 1 0
github.com/veilence/veilence-mx/backend/internal/rbac/service.go:227.2,227.22 1 2
github.com/veilence/veilence-mx/backend/internal/rbac/service.go:227.22,230.16 3 2
github.com/veilence/veilence-mx/backend/internal/rbac/service.go:230.16,232.4 1 1
github.com/veilence/veilence-mx/backend/internal/rbac/service.go:235.2,239.46 4 1
github.com/veilence/veilence-mx/backend/internal/rbac/service.go:239.46,241.3 1 0
github.com/veilence/veilence-mx/backend/internal/rbac/service.go:242.2,242.18 1 1
github.com/veilence/veilence-mx/backend/internal/rbac/service.go:246.56,248.25 2 2
github.com/veilence/veilence-mx/backend/internal/rbac/service.go:248.25,250.3 1 0
github.com/veilence/veilence-mx/backend/internal/rbac/service.go:251.2,251.30 1 2
github.com/veilence/veilence-mx/backend/internal/rbac/service.go:251.30,253.3 1 1
github.com/veilence/veilence-mx/backend/internal/rbac/service.go:254.2,255.12 2 1
github.com/veilence/veilence-mx/backend/internal/rbac/service.go:259.73,265.16 3 2
github.com/veilence/veilence-mx/backend/internal/rbac/service.go:265.16,267.3 1 0
github.com/veilence/veilence-mx/backend/internal/rbac/service.go:268.2,268.21 1 2
github.com/veilence/veilence-mx/backend/internal/rbac/service.go:274.118,277.94 2 27
github.com/veilence/veilence-mx/backend/internal/rbac/service.go:277.94,278.45 1 1
github.com/veilence/veilence-mx/backend/internal/rbac/service.go:278.45,280.4 1 1
github.com/veilence/veilence-mx/backend/internal/rbac/service.go:281.3,281.55 1 0
github.com/veilence/veilence-mx/backend/internal/rbac/service.go:285.2,285.35 1 26
github.com/veilence/veilence-mx/backend/internal/rbac/service.go:285.35,287.3 1 1
github.com/veilence/veilence-mx/backend/internal/rbac/service.go:290.2,291.16 2 25
github.com/veilence/veilence-mx/backend/internal/rbac/service.go:291.16,293.3 1 0
github.com/veilence/veilence-mx/backend/internal/rbac/service.go:295.2,304.54 2 25
github.com/veilence/veilence-mx/backend/internal/rbac/service.go:304.54,306.3 1 0
github.com/veilence/veilence-mx/backend/internal/rbac/service.go:308.2,309.34 2 25
github.com/veilence/veilence-mx/backend/internal/rbac/service.go:315.108,317.96 2 20
github.com/veilence/veilence-mx/backend/internal/rbac/service.go:317.96,318.45 1 0
github.com/veilence/veilence-mx/backend/internal/rbac/service.go:318.45,320.4 1 0
github.com/veilence/veilence-mx/backend/internal/rbac/service.go:321.3,321.56 1 0
github.com/veilence/veilence-mx/backend/internal/rbac/service.go:324.2,324.34 1 20
github.com/veilence/veilence-mx/backend/internal/rbac/service.go:324.34,326.3 1 0
github.com/veilence/veilence-mx/backend/internal/rbac/service.go:328.2,328.44 1 20
github.com/veilence/veilence-mx/backend/internal/rbac/service.go:328.44,330.3 1 1
github.com/veilence/veilence-mx/backend/internal/rbac/service.go:333.2,333.35 1 19
github.com/veilence/veilence-mx/backend/internal/rbac/service.go:333.35,335.3 1 1
github.com/veilence/veilence-mx/backend/internal/rbac/service.go:338.2,342.23 3 18
github.com/veilence/veilence-mx/backend/internal/rbac/service.go:342.23,344.3 1 1
github.com/veilence/veilence-mx/backend/internal/rbac/service.go:346.2,347.50 2 17
github.com/veilence/veilence-mx/backend/internal/rbac/service.go:347.50,350.52 3 17
github.com/veilence/veilence-mx/backend/internal/rbac/service.go:350.52,352.4 1 0
github.com/veilence/veilence-mx/backend/internal/rbac/service.go:354.3,360.49 2 17
github.com/veilence/veilence-mx/backend/internal/rbac/service.go:360.49,362.4 1 0
github.com/veilence/veilence-mx/backend/internal/rbac/service.go:364.3,364.13 1 17
github.com/veilence/veilence-mx/backend/internal/rbac/service.go:366.2,366.16 1 17
github.com/veilence/veilence-mx/backend/internal/rbac/service.go:366.16,368.3 1 0
github.com/veilence/veilence-mx/backend/internal/rbac/service.go:370.2,371.20 2 17
github.com/veilence/veilence-mx/backend/internal/rbac/service.go:377.82,379.96 2 2
github.com/veilence/veilence-mx/backend/internal/rbac/service.go:379.96,380.45 1 1
github.com/veilence/veilence-mx/backend/internal/rbac/service.go:380.45,382.4 1 1
github.com/veilence/veilence-mx/backend/internal/rbac/service.go:383.3,383.56 1 0
github.com/veilence/veilence-mx/backend/internal/rbac/service.go:386.2,386.25 1 1
github.com/veilence/veilence-mx/backend/internal/rbac/service.go:391.83,397.16 3 3
github.com/veilence/veilence-mx/backend/internal/rbac/service.go:397.16,399.3 1 0
github.com/veilence/veilence-mx/backend/internal/rbac/service.go:400.2,400.25 1 3
github.com/veilence/veilence-mx/backend/internal/rbac/service.go:405.68,409.25 2 3
github.com/veilence/veilence-mx/backend/internal/rbac/service.go:409.25,411.3 1 0
github.com/veilence/veilence-mx/backend/internal/rbac/service.go:412.2,412.30 1 3
github.com/veilence/veilence-mx/backend/internal/rbac/service.go:412.30,414.3 1 2
github.com/veilence/veilence-mx/backend/internal/rbac/service.go:416.2,417.12 2 1
github.com/veilence/veilence-mx/backend/internal/rbac/service.go:421.58,424.54 2 3
github.com/veilence/veilence-mx/backend/internal/rbac/service.go:424.54,425.45 1 0
github.com/veilence/veilence-mx/backend/internal/rbac/service.go:425.45,427.4 1 0
github.com/veilence/veilence-mx/backend/internal/rbac/service.go:428.3,428.53 1 0
github.com/veilence/veilence-mx/backend/internal/rbac/service.go:430.2,430.27 1 3
github.com/veilence/veilence-mx/backend/internal/rbac/service.go:430.27,432.3 1 1
github.com/veilence/veilence-mx/backend/internal/rbac/service.go:434.2,435.25 2 2
github.com/veilence/veilence-mx/backend/internal/rbac/service.go:435.25,437.3 1 0
github.com/veilence/veilence-mx/backend/internal/rbac/service.go:438.2,438.30 1 2
github.com/veilence/veilence-mx/backend/internal/rbac/service.go:438.30,440.3 1 1
github.com/veilence/veilence-mx/backend/internal/rbac/service.go:442.2,443.12 2 1
github.com/veilence/veilence-mx/backend/internal/rbac/service.go:448.94,451.54 2 3
github.com/veilence/veilence-mx/backend/internal/rbac/service.go:451.54,452.45 1 0
github.com/veilence/veilence-mx/backend/internal/rbac/service.go:452.45,454.4 1 0
github.com/veilence/veilence-mx/backend/internal/rbac/service.go:455.3,455.58 1 0
github.com/veilence/veilence-mx/backend/internal/rbac/service.go:457.2,457.27 1 3
github.com/veilence/veilence-mx/backend/internal/rbac/service.go:457.27,459.3 1 1
github.com/veilence/veilence-mx/backend/internal/rbac/service.go:462.2,463.97 2 2
github.com/veilence/veilence-mx/backend/internal/rbac/service.go:463.97,464.45 1 1
github.com/veilence/veilence-mx/backend/internal/rbac/service.go:464.45,466.4 1 1
github.com/veilence/veilence-mx/backend/internal/rbac/service.go:467.3,467.51 1 0
github.com/veilence/veilence-mx/backend/internal/rbac/service.go:471.2,471.35 1 1
github.com/veilence/veilence-mx/backend/internal/rbac/service.go:471.35,473.3 1 0
github.com/veilence/veilence-mx/backend/internal/rbac/service.go:475.2,476.101 2 1
github.com/veilence/veilence-mx/backend/internal/rbac/service.go:476.101,477.45 1 0
github.com/veilence/veilence-mx/backend/internal/rbac/service.go:477.45,479.4 1 0
github.com/veilence/veilence-mx/backend/internal/rbac/service.go:480.3,480.52 1 0
github.com/veilence/veilence-mx/backend/internal/rbac/service.go:483.2,484.49 2 1
github.com/veilence/veilence-mx/backend/internal/rbac/service.go:484.49,486.3 1 0
github.com/veilence/veilence-mx/backend/internal/rbac/service.go:489.2,492.21 3 1
github.com/veilence/veilence-mx/backend/internal/rbac/service.go:497.86,506.16 3 114
github.com/veilence/veilence-mx/backend/internal/rbac/service.go:506.16,508.3 1 0
github.com/veilence/veilence-mx/backend/internal/rbac/service.go:509.2,509.16 1 114
github.com/veilence/veilence-mx/backend/internal/rbac/service.go:509.16,511.3 1 34
github.com/veilence/veilence-mx/backend/internal/rbac/service.go:512.2,512.12 1 80
github.com/veilence/veilence-mx/backend/internal/rbac/service.go:516.66,522.16 3 26
github.com/veilence/veilence-mx/backend/internal/rbac/service.go:522.16,524.3 1 0
github.com/veilence/veilence-mx/backend/internal/rbac/service.go:525.2,525.19 1 26
github.com/veilence/veilence-mx/backend/internal/rbac/service.go:529.68,531.48 2 1
github.com/veilence/veilence-mx/backend/internal/rbac/service.go:531.48,533.3 1 0
github.com/veilence/veilence-mx/backend/internal/rbac/service.go:534.2,534.19 1 1
github.com/veilence/veilence-mx/backend/internal/rbac/service.go:538.84,544.16 3 105
github.com/veilence/veilence-mx/backend/internal/rbac/service.go:544.16,545.45 1 5
github.com/veilence/veilence-mx/backend/internal/rbac/service.go:545.45,547.4 1 5
github.com/veilence/veilence-mx/backend/internal/rbac/service.go:548.3,548.61 1 0
github.com/veilence/veilence-mx/backend/internal/rbac/service.go:550.2,550.21 1 100
github.com/veilence/veilence-mx/backend/internal/rbac/service.go:555.41,556.48 1 58
github.com/veilence/veilence-mx/backend/internal/rbac/service.go:556.48,558.26 2 1334
github.com/veilence/veilence-mx/backend/internal/rbac/service.go:558.26,560.4 1 0
github.com/veilence/veilence-mx/backend/internal/rbac/service.go:562.2,563.12 2 58
github.com/veilence/veilence-mx/backend/internal/rbac/service.go:567.38,569.40 2 25
github.com/veilence/veilence-mx/backend/internal/rbac/service.go:569.40,571.3 1 0
github.com/veilence/veilence-mx/backend/internal/rbac/service.go:572.2,572.35 1 25
github.com/veilence/veilence-mx/backend/internal/rbac/service.go:578.37,581.2 2 47
